This is pdfTeX, Version 3.1415926-2.5-1.40.14 (TeX Live 2013/Debian) (format=pdflatex 2018.7.12)  18 SEP 2018 14:49
entering extended mode
 restricted \write18 enabled.
 %&-line parsing enabled.
**main.tex
(./main.tex
LaTeX2e <2011/06/27>
Babel <3.9h> and hyphenation patterns for 4 languages loaded.
\@input{packagesClasses.aux}
\openout2 = `packagesClasses.aux'.

(./packagesClasses.tex (./uoitthesis.cls
Document Class: uoitthesis 2005/11/10 v1.0 UOIT LaTex Thesis class
(/usr/share/texlive/texmf-dist/tex/latex/base/report.cls
Document Class: report 2007/10/19 v1.4h Standard LaTeX document class
(/usr/share/texlive/texmf-dist/tex/latex/base/size12.clo
File: size12.clo 2007/10/19 v1.4h Standard LaTeX file (size option)
)
\c@part=\count79
\c@chapter=\count80
\c@section=\count81
\c@subsection=\count82
\c@subsubsection=\count83
\c@paragraph=\count84
\c@subparagraph=\count85
\c@figure=\count86
\c@table=\count87
\abovecaptionskip=\skip41
\belowcaptionskip=\skip42
\bibindent=\dimen102
)
(/usr/share/texlive/texmf-dist/tex/latex/geometry/geometry.sty
Package: geometry 2010/09/12 v5.6 Page Geometry

(/usr/share/texlive/texmf-dist/tex/latex/graphics/keyval.sty
Package: keyval 1999/03/16 v1.13 key=value parser (DPC)
\KV@toks@=\toks14
)
(/usr/share/texlive/texmf-dist/tex/generic/oberdiek/ifpdf.sty
Package: ifpdf 2011/01/30 v2.3 Provides the ifpdf switch (HO)
Package ifpdf Info: pdfTeX in PDF mode is detected.
)
(/usr/share/texlive/texmf-dist/tex/generic/oberdiek/ifvtex.sty
Package: ifvtex 2010/03/01 v1.5 Detect VTeX and its facilities (HO)
Package ifvtex Info: VTeX not detected.
)
(/usr/share/texlive/texmf-dist/tex/generic/ifxetex/ifxetex.sty
Package: ifxetex 2010/09/12 v0.6 Provides ifxetex conditional
)
\Gm@cnth=\count88
\Gm@cntv=\count89
\c@Gm@tempcnt=\count90
\Gm@bindingoffset=\dimen103
\Gm@wd@mp=\dimen104
\Gm@odd@mp=\dimen105
\Gm@even@mp=\dimen106
\Gm@layoutwidth=\dimen107
\Gm@layoutheight=\dimen108
\Gm@layouthoffset=\dimen109
\Gm@layoutvoffset=\dimen110
\Gm@dimlist=\toks15
))
(/usr/share/texlive/texmf-dist/tex/latex/setspace/setspace.sty
Package: setspace 2011/12/19 v6.7a set line spacing
)
(/usr/share/texlive/texmf-dist/tex/latex/texshade/texshade.sty
Package: texshade 2011/05/13 LaTeX TeXshade (v1.24)

Package `texshade', Version 1.24 of 2011/12/01.
(/usr/share/texlive/texmf-dist/tex/latex/graphics/color.sty
Package: color 2005/11/14 v1.0j Standard LaTeX Color (DPC)

(/usr/share/texlive/texmf-dist/tex/latex/latexconfig/color.cfg
File: color.cfg 2007/01/18 v1.5 color configuration of teTeX/TeXLive
)
Package color Info: Driver file: dvips.def on input line 130.

(/usr/share/texlive/texmf-dist/tex/latex/graphics/dvips.def
File: dvips.def 1999/02/16 v3.0i Driver-dependant file (DPC,SPQR)
)
(/usr/share/texlive/texmf-dist/tex/latex/graphics/dvipsnam.def
File: dvipsnam.def 1999/02/16 v3.0i Driver-dependant file (DPC,SPQR)
))
(/usr/share/texlive/texmf-dist/tex/latex/graphics/graphics.sty
Package: graphics 2009/02/05 v1.0o Standard LaTeX Graphics (DPC,SPQR)

(/usr/share/texlive/texmf-dist/tex/latex/graphics/trig.sty
Package: trig 1999/03/16 v1.09 sin cos tan (DPC)
)
(/usr/share/texlive/texmf-dist/tex/latex/latexconfig/graphics.cfg
File: graphics.cfg 2010/04/23 v1.9 graphics configuration of TeX Live
)
Package graphics Info: Driver file: pdftex.def on input line 91.

(/usr/share/texlive/texmf-dist/tex/latex/pdftex-def/pdftex.def
File: pdftex.def 2011/05/27 v0.06d Graphics/color for pdfTeX

(/usr/share/texlive/texmf-dist/tex/generic/oberdiek/infwarerr.sty
Package: infwarerr 2010/04/08 v1.3 Providing info/warning/error messages (HO)
)
(/usr/share/texlive/texmf-dist/tex/generic/oberdiek/ltxcmds.sty
Package: ltxcmds 2011/11/09 v1.22 LaTeX kernel commands for general use (HO)
)
\Gread@gobject=\count91
))
\structurefile=\read1
\featurefile=\write3
\alignfile=\read2
\sublogofile=\read3
\exp@rtfile=\write4

(/usr/share/texlive/texmf-dist/tex/latex/amsfonts/amssymb.sty
Package: amssymb 2013/01/14 v3.01 AMS font symbols

(/usr/share/texlive/texmf-dist/tex/latex/amsfonts/amsfonts.sty
Package: amsfonts 2013/01/14 v3.01 Basic AMSFonts support
\@emptytoks=\toks16
\symAMSa=\mathgroup4
\symAMSb=\mathgroup5
LaTeX Font Info:    Overwriting math alphabet `\mathfrak' in version `bold'
(Font)                  U/euf/m/n --> U/euf/b/n on input line 106.
))
\symalphahelix=\mathgroup6
\loopcount=\count92
\innerloopcount=\count93
\outerloopcount=\count94
\seq@count=\count95
\killseq@count=\count96
\seq@percent=\count97
\res@count=\count98
\seq@pointer=\count99
\pos@count=\count100
\res@perline=\count101
\end@count=\count102
\cons@count=\count103
\total@count=\count104
\temp@count=\count105
\triple@count=\count106
\temp@@count=\count107
\pos@sum=\count108
\box@width=\skip43
\name@width=\skip44
\box@depth=\skip45
\width@tmp=\skip46
\box@height=\skip47
\number@width=\skip48
\line@stretch=\skip49
\center@fill=\skip50
\arrow@width=\skip51
\arrow@height=\skip52
\rule@thick=\skip53
\arrow@thick=\skip54
\logo@height=\skip55
\equal@width=\skip56
\equal@tmp=\skip57
\equal@height=\skip58
\temp@@length=\skip59
\vspace@legend=\skip60
\hspace@legend=\skip61
Package color Info: Redefining color LightGray on input line 1704.
Package color Info: Redefining color LightLightGray on input line 1805.
Package color Info: Redefining color LightLightLightGray on input line 1907.
)
(/usr/share/texlive/texmf-dist/tex/latex/algorithms/algorithm.sty
Package: algorithm 2009/08/24 v0.1 Document Style `algorithm' - floating enviro
nment

(/usr/share/texlive/texmf-dist/tex/latex/float/float.sty
Package: float 2001/11/08 v1.3d Float enhancements (AL)
\c@float@type=\count109
\float@exts=\toks17
\float@box=\box26
\@float@everytoks=\toks18
\@floatcapt=\box27
)
(/usr/share/texlive/texmf-dist/tex/latex/base/ifthen.sty
Package: ifthen 2001/05/26 v1.1c Standard LaTeX ifthen package (DPC)
)
\@float@every@algorithm=\toks19
\c@algorithm=\count110
)
(/usr/share/texlive/texmf-dist/tex/latex/algorithmicx/algpseudocode.sty
Package: algpseudocode 

(/usr/share/texlive/texmf-dist/tex/latex/algorithmicx/algorithmicx.sty
Package: algorithmicx 2005/04/27 v1.2 Algorithmicx

Document Style algorithmicx 1.2 - a greatly improved `algorithmic' style
\c@ALG@line=\count111
\c@ALG@rem=\count112
\c@ALG@nested=\count113
\ALG@tlm=\skip62
\ALG@thistlm=\skip63
\c@ALG@Lnr=\count114
\c@ALG@blocknr=\count115
\c@ALG@storecount=\count116
\c@ALG@tmpcounter=\count117
\ALG@tmplength=\skip64
)
Document Style - pseudocode environments for use with the `algorithmicx' style
) (/usr/share/texlive/texmf-dist/tex/latex/notoccite/notoccite.sty
Package: notoccite 2000/07/20
)
(/usr/share/texlive/texmf-dist/tex/latex/cite/cite.sty
LaTeX Info: Redefining \cite on input line 302.
LaTeX Info: Redefining \nocite on input line 373.
Package: cite 2010/09/10  v 5.3
)
(/usr/share/texlive/texmf-dist/tex/latex/tools/array.sty
Package: array 2008/09/09 v2.4c Tabular extension package (FMi)
\col@sep=\dimen111
\extrarowheight=\dimen112
\NC@list=\toks20
\extratabsurround=\skip65
\backup@length=\skip66
)
(/usr/share/texlive/texmf-dist/tex/latex/changepage/chngpage.sty
Package: chngpage 2009/10/20 v1.2b change page layout
\c@cp@cnt=\count118
\c@cp@tempcnt=\count119
)
(/usr/share/texlive/texmf-dist/tex/latex/multirow/multirow.sty
\bigstrutjot=\dimen113
)
(/usr/share/texlive/texmf-dist/tex/latex/graphics/graphicx.sty
Package: graphicx 1999/02/16 v1.0f Enhanced LaTeX Graphics (DPC,SPQR)
\Gin@req@height=\dimen114
\Gin@req@width=\dimen115
)
(/usr/share/texlive/texmf-dist/tex/latex/fancyhdr/fancyhdr.sty
\fancy@headwidth=\skip67
\f@ncyO@elh=\skip68
\f@ncyO@erh=\skip69
\f@ncyO@olh=\skip70
\f@ncyO@orh=\skip71
\f@ncyO@elf=\skip72
\f@ncyO@erf=\skip73
\f@ncyO@olf=\skip74
\f@ncyO@orf=\skip75
)
(/usr/share/texlive/texmf-dist/tex/latex/footmisc/footmisc.sty
Package: footmisc 2011/06/06 v5.5b a miscellany of footnote facilities
\FN@temptoken=\toks21
\footnotemargin=\dimen116
\c@pp@next@reset=\count120
Package footmisc Info: Declaring symbol style bringhurst on input line 855.
Package footmisc Info: Declaring symbol style chicago on input line 863.
Package footmisc Info: Declaring symbol style wiley on input line 872.
Package footmisc Info: Declaring symbol style lamport-robust on input line 883.

Package footmisc Info: Declaring symbol style lamport* on input line 903.
Package footmisc Info: Declaring symbol style lamport*-robust on input line 924
.
)
(/usr/share/texlive/texmf-dist/tex/latex/listings/listings.sty
\lst@mode=\count121
\lst@gtempboxa=\box28
\lst@token=\toks22
\lst@length=\count122
\lst@currlwidth=\dimen117
\lst@column=\count123
\lst@pos=\count124
\lst@lostspace=\dimen118
\lst@width=\dimen119
\lst@newlines=\count125
\lst@lineno=\count126
\lst@maxwidth=\dimen120

(/usr/share/texlive/texmf-dist/tex/latex/listings/lstmisc.sty
File: lstmisc.sty 2013/08/26 1.5b (Carsten Heinz)
\c@lstnumber=\count127
\lst@skipnumbers=\count128
\lst@framebox=\box29
)
(/usr/share/texlive/texmf-dist/tex/latex/listings/listings.cfg
File: listings.cfg 2013/08/26 1.5b listings configuration
))
Package: listings 2013/08/26 1.5b (Carsten Heinz)

(/usr/share/texlive/texmf-dist/tex/latex/fancyvrb/fancyvrb.sty
Package: fancyvrb 2008/02/07

Style option: `fancyvrb' v2.7a, with DG/SPQR fixes, and firstline=lastline fix 
<2008/02/07> (tvz)
\FV@CodeLineNo=\count129
\FV@InFile=\read4
\FV@TabBox=\box30
\c@FancyVerbLine=\count130
\FV@StepNumber=\count131
\FV@OutFile=\write5
)
(/usr/share/texlive/texmf-dist/tex/latex/subfigure/subfigure.sty
Package: subfigure 2002/03/15 v2.1.5 subfigure package
\subfigtopskip=\skip76
\subfigcapskip=\skip77
\subfigcaptopadj=\dimen121
\subfigbottomskip=\skip78
\subfigcapmargin=\dimen122
\subfiglabelskip=\skip79
\c@subfigure=\count132
\c@lofdepth=\count133
\c@subtable=\count134
\c@lotdepth=\count135

****************************************
* Local config file subfigure.cfg used *
****************************************
(/usr/share/texlive/texmf-dist/tex/latex/subfigure/subfigure.cfg)
\subfig@top=\skip80
\subfig@bottom=\skip81
)
(/usr/share/texlive/texmf-dist/tex/latex/amsmath/amsmath.sty
Package: amsmath 2013/01/14 v2.14 AMS math features
\@mathmargin=\skip82

For additional information on amsmath, use the `?' option.
(/usr/share/texlive/texmf-dist/tex/latex/amsmath/amstext.sty
Package: amstext 2000/06/29 v2.01

(/usr/share/texlive/texmf-dist/tex/latex/amsmath/amsgen.sty
File: amsgen.sty 1999/11/30 v2.0
\@emptytoks=\toks23
\ex@=\dimen123
))
(/usr/share/texlive/texmf-dist/tex/latex/amsmath/amsbsy.sty
Package: amsbsy 1999/11/29 v1.2d
\pmbraise@=\dimen124
)
(/usr/share/texlive/texmf-dist/tex/latex/amsmath/amsopn.sty
Package: amsopn 1999/12/14 v2.01 operator names
)
\inf@bad=\count136
LaTeX Info: Redefining \frac on input line 210.
\uproot@=\count137
\leftroot@=\count138
LaTeX Info: Redefining \overline on input line 306.
\classnum@=\count139
\DOTSCASE@=\count140
LaTeX Info: Redefining \ldots on input line 378.
LaTeX Info: Redefining \dots on input line 381.
LaTeX Info: Redefining \cdots on input line 466.
\Mathstrutbox@=\box31
\strutbox@=\box32
\big@size=\dimen125
LaTeX Font Info:    Redeclaring font encoding OML on input line 566.
LaTeX Font Info:    Redeclaring font encoding OMS on input line 567.
\macc@depth=\count141
\c@MaxMatrixCols=\count142
\dotsspace@=\muskip10
\c@parentequation=\count143
\dspbrk@lvl=\count144
\tag@help=\toks24
\row@=\count145
\column@=\count146
\maxfields@=\count147
\andhelp@=\toks25
\eqnshift@=\dimen126
\alignsep@=\dimen127
\tagshift@=\dimen128
\tagwidth@=\dimen129
\totwidth@=\dimen130
\lineht@=\dimen131
\@envbody=\toks26
\multlinegap=\skip83
\multlinetaggap=\skip84
\mathdisplay@stack=\toks27
LaTeX Info: Redefining \[ on input line 2665.
LaTeX Info: Redefining \] on input line 2666.
)
(/usr/share/texlive/texmf-dist/tex/latex/amscls/amsthm.sty
Package: amsthm 2004/08/06 v2.20
\thm@style=\toks28
\thm@bodyfont=\toks29
\thm@headfont=\toks30
\thm@notefont=\toks31
\thm@headpunct=\toks32
\thm@preskip=\skip85
\thm@postskip=\skip86
\thm@headsep=\skip87
\dth@everypar=\toks33
)
(/usr/share/texlive/texmf-dist/tex/latex/nomencl/nomencl.sty
Package: nomencl 2005/09/22 v4.2 Nomenclature package (LN)
\nomlabelwidth=\dimen132
\nom@tempdim=\dimen133
\nomitemsep=\skip88
)
(/usr/share/texlive/texmf-dist/tex/latex/pdfpages/pdfpages.sty
Package: pdfpages 2013/08/25 v0.4v Insert pages of external PDF documents (AM)

(/usr/share/texlive/texmf-dist/tex/latex/tools/calc.sty
Package: calc 2007/08/22 v4.3 Infix arithmetic (KKT,FJ)
\calc@Acount=\count148
\calc@Bcount=\count149
\calc@Adimen=\dimen134
\calc@Bdimen=\dimen135
\calc@Askip=\skip89
\calc@Bskip=\skip90
LaTeX Info: Redefining \setlength on input line 76.
LaTeX Info: Redefining \addtolength on input line 77.
\calc@Ccount=\count150
\calc@Cskip=\skip91
)
(/usr/share/texlive/texmf-dist/tex/latex/eso-pic/eso-pic.sty
Package: eso-pic 2013/10/06 v2.0d eso-pic (RN)

(/usr/share/texlive/texmf-dist/tex/generic/oberdiek/atbegshi.sty
Package: atbegshi 2011/10/05 v1.16 At begin shipout hook (HO)
))
(/usr/share/texlive/texmf-dist/tex/latex/pdfpages/pppdftex.def
File: pppdftex.def 2013/08/25 v0.4v Pdfpages driver for pdfTeX (AM)
)
\AM@pagebox=\box33
\AM@toc@title=\toks34
\c@AM@survey=\count151
\AM@templatesizebox=\box34
)
(/usr/share/texlive/texmf-dist/tex/latex/rotating/rotating.sty
Package: rotating 2009/03/28 v2.16a rotated objects in LaTeX
\c@r@tfl@t=\count152
\rotFPtop=\skip92
\rotFPbot=\skip93
\rot@float@box=\box35
\rot@mess@toks=\toks35
)
(/usr/share/texlive/texmf-dist/tex/latex/multirow/bigstrut.sty)
(/usr/share/texlive/texmf-dist/tex/latex/booktabs/booktabs.sty
Package: booktabs 2005/04/14 v1.61803 publication quality tables
\heavyrulewidth=\dimen136
\lightrulewidth=\dimen137
\cmidrulewidth=\dimen138
\belowrulesep=\dimen139
\belowbottomsep=\dimen140
\aboverulesep=\dimen141
\abovetopsep=\dimen142
\cmidrulesep=\dimen143
\cmidrulekern=\dimen144
\defaultaddspace=\dimen145
\@cmidla=\count153
\@cmidlb=\count154
\@aboverulesep=\dimen146
\@belowrulesep=\dimen147
\@thisruleclass=\count155
\@lastruleclass=\count156
\@thisrulewidth=\dimen148
)
(/usr/share/texlive/texmf-dist/tex/latex/oberdiek/pdflscape.sty
Package: pdflscape 2008/08/11 v0.10 Display of landscape pages in PDF (HO)

(/usr/share/texlive/texmf-dist/tex/latex/graphics/lscape.sty
Package: lscape 2000/10/22 v3.01 Landscape Pages (DPC)
)
Package pdflscape Info: Auto-detected driver: pdftex on input line 80.
)
(/usr/share/texlive/texmf-dist/tex/latex/base/fontenc.sty
Package: fontenc 2005/09/27 v1.99g Standard LaTeX package

(/usr/share/texlive/texmf-dist/tex/latex/base/t1enc.def
File: t1enc.def 2005/09/27 v1.99g Standard LaTeX file
LaTeX Font Info:    Redeclaring font encoding T1 on input line 43.
))
(/usr/share/texlive/texmf-dist/tex/latex/base/textcomp.sty
Package: textcomp 2005/09/27 v1.99g Standard LaTeX package
Package textcomp Info: Sub-encoding information:
(textcomp)               5 = only ISO-Adobe without \textcurrency
(textcomp)               4 = 5 + \texteuro
(textcomp)               3 = 4 + \textohm
(textcomp)               2 = 3 + \textestimated + \textcurrency
(textcomp)               1 = TS1 - \textcircled - \t
(textcomp)               0 = TS1 (full)
(textcomp)             Font families with sub-encoding setting implement
(textcomp)             only a restricted character set as indicated.
(textcomp)             Family '?' is the default used for unknown fonts.
(textcomp)             See the documentation for details.
Package textcomp Info: Setting ? sub-encoding to TS1/1 on input line 71.

(/usr/share/texlive/texmf-dist/tex/latex/base/ts1enc.def
File: ts1enc.def 2001/06/05 v3.0e (jk/car/fm) Standard LaTeX file
)
LaTeX Info: Redefining \oldstylenums on input line 266.
Package textcomp Info: Setting cmr sub-encoding to TS1/0 on input line 281.
Package textcomp Info: Setting cmss sub-encoding to TS1/0 on input line 282.
Package textcomp Info: Setting cmtt sub-encoding to TS1/0 on input line 283.
Package textcomp Info: Setting cmvtt sub-encoding to TS1/0 on input line 284.
Package textcomp Info: Setting cmbr sub-encoding to TS1/0 on input line 285.
Package textcomp Info: Setting cmtl sub-encoding to TS1/0 on input line 286.
Package textcomp Info: Setting ccr sub-encoding to TS1/0 on input line 287.
Package textcomp Info: Setting ptm sub-encoding to TS1/4 on input line 288.
Package textcomp Info: Setting pcr sub-encoding to TS1/4 on input line 289.
Package textcomp Info: Setting phv sub-encoding to TS1/4 on input line 290.
Package textcomp Info: Setting ppl sub-encoding to TS1/3 on input line 291.
Package textcomp Info: Setting pag sub-encoding to TS1/4 on input line 292.
Package textcomp Info: Setting pbk sub-encoding to TS1/4 on input line 293.
Package textcomp Info: Setting pnc sub-encoding to TS1/4 on input line 294.
Package textcomp Info: Setting pzc sub-encoding to TS1/4 on input line 295.
Package textcomp Info: Setting bch sub-encoding to TS1/4 on input line 296.
Package textcomp Info: Setting put sub-encoding to TS1/5 on input line 297.
Package textcomp Info: Setting uag sub-encoding to TS1/5 on input line 298.
Package textcomp Info: Setting ugq sub-encoding to TS1/5 on input line 299.
Package textcomp Info: Setting ul8 sub-encoding to TS1/4 on input line 300.
Package textcomp Info: Setting ul9 sub-encoding to TS1/4 on input line 301.
Package textcomp Info: Setting augie sub-encoding to TS1/5 on input line 302.
Package textcomp Info: Setting dayrom sub-encoding to TS1/3 on input line 303.
Package textcomp Info: Setting dayroms sub-encoding to TS1/3 on input line 304.

Package textcomp Info: Setting pxr sub-encoding to TS1/0 on input line 305.
Package textcomp Info: Setting pxss sub-encoding to TS1/0 on input line 306.
Package textcomp Info: Setting pxtt sub-encoding to TS1/0 on input line 307.
Package textcomp Info: Setting txr sub-encoding to TS1/0 on input line 308.
Package textcomp Info: Setting txss sub-encoding to TS1/0 on input line 309.
Package textcomp Info: Setting txtt sub-encoding to TS1/0 on input line 310.
Package textcomp Info: Setting lmr sub-encoding to TS1/0 on input line 311.
Package textcomp Info: Setting lmdh sub-encoding to TS1/0 on input line 312.
Package textcomp Info: Setting lmss sub-encoding to TS1/0 on input line 313.
Package textcomp Info: Setting lmssq sub-encoding to TS1/0 on input line 314.
Package textcomp Info: Setting lmvtt sub-encoding to TS1/0 on input line 315.
Package textcomp Info: Setting qhv sub-encoding to TS1/0 on input line 316.
Package textcomp Info: Setting qag sub-encoding to TS1/0 on input line 317.
Package textcomp Info: Setting qbk sub-encoding to TS1/0 on input line 318.
Package textcomp Info: Setting qcr sub-encoding to TS1/0 on input line 319.
Package textcomp Info: Setting qcs sub-encoding to TS1/0 on input line 320.
Package textcomp Info: Setting qpl sub-encoding to TS1/0 on input line 321.
Package textcomp Info: Setting qtm sub-encoding to TS1/0 on input line 322.
Package textcomp Info: Setting qzc sub-encoding to TS1/0 on input line 323.
Package textcomp Info: Setting qhvc sub-encoding to TS1/0 on input line 324.
Package textcomp Info: Setting futs sub-encoding to TS1/4 on input line 325.
Package textcomp Info: Setting futx sub-encoding to TS1/4 on input line 326.
Package textcomp Info: Setting futj sub-encoding to TS1/4 on input line 327.
Package textcomp Info: Setting hlh sub-encoding to TS1/3 on input line 328.
Package textcomp Info: Setting hls sub-encoding to TS1/3 on input line 329.
Package textcomp Info: Setting hlst sub-encoding to TS1/3 on input line 330.
Package textcomp Info: Setting hlct sub-encoding to TS1/5 on input line 331.
Package textcomp Info: Setting hlx sub-encoding to TS1/5 on input line 332.
Package textcomp Info: Setting hlce sub-encoding to TS1/5 on input line 333.
Package textcomp Info: Setting hlcn sub-encoding to TS1/5 on input line 334.
Package textcomp Info: Setting hlcw sub-encoding to TS1/5 on input line 335.
Package textcomp Info: Setting hlcf sub-encoding to TS1/5 on input line 336.
Package textcomp Info: Setting pplx sub-encoding to TS1/3 on input line 337.
Package textcomp Info: Setting pplj sub-encoding to TS1/3 on input line 338.
Package textcomp Info: Setting ptmx sub-encoding to TS1/4 on input line 339.
Package textcomp Info: Setting ptmj sub-encoding to TS1/4 on input line 340.
)
(/usr/share/texlive/texmf-dist/tex/latex/eqnarray/eqnarray.sty
equationarray 1.3 <December 1, 2010>
Package: eqnarray 
\@eqargcnt=\count157
) (/usr/share/texlive/texmf-dist/tex/latex/tools/tabularx.sty
Package: tabularx 1999/01/07 v2.07 `tabularx' package (DPC)
\TX@col@width=\dimen149
\TX@old@table=\dimen150
\TX@old@col=\dimen151
\TX@target=\dimen152
\TX@delta=\dimen153
\TX@cols=\count158
\TX@ftn=\toks36
)
(/usr/share/texlive/texmf-dist/tex/latex/hyperref/hyperref.sty
Package: hyperref 2012/11/06 v6.83m Hypertext links for LaTeX

(/usr/share/texlive/texmf-dist/tex/generic/oberdiek/hobsub-hyperref.sty
Package: hobsub-hyperref 2012/05/28 v1.13 Bundle oberdiek, subset hyperref (HO)


(/usr/share/texlive/texmf-dist/tex/generic/oberdiek/hobsub-generic.sty
Package: hobsub-generic 2012/05/28 v1.13 Bundle oberdiek, subset generic (HO)
Package: hobsub 2012/05/28 v1.13 Construct package bundles (HO)
Package hobsub Info: Skipping package `infwarerr' (already loaded).
Package hobsub Info: Skipping package `ltxcmds' (already loaded).
Package: ifluatex 2010/03/01 v1.3 Provides the ifluatex switch (HO)
Package ifluatex Info: LuaTeX not detected.
Package hobsub Info: Skipping package `ifvtex' (already loaded).
Package: intcalc 2007/09/27 v1.1 Expandable calculations with integers (HO)
Package hobsub Info: Skipping package `ifpdf' (already loaded).
Package: etexcmds 2011/02/16 v1.5 Avoid name clashes with e-TeX commands (HO)
Package etexcmds Info: Could not find \expanded.
(etexcmds)             That can mean that you are not using pdfTeX 1.50 or
(etexcmds)             that some package has redefined \expanded.
(etexcmds)             In the latter case, load this package earlier.
Package: kvsetkeys 2012/04/25 v1.16 Key value parser (HO)
Package: kvdefinekeys 2011/04/07 v1.3 Define keys (HO)
Package: pdftexcmds 2011/11/29 v0.20 Utility functions of pdfTeX for LuaTeX (HO
)
Package pdftexcmds Info: LuaTeX not detected.
Package pdftexcmds Info: \pdf@primitive is available.
Package pdftexcmds Info: \pdf@ifprimitive is available.
Package pdftexcmds Info: \pdfdraftmode found.
Package: pdfescape 2011/11/25 v1.13 Implements pdfTeX's escape features (HO)
Package: bigintcalc 2012/04/08 v1.3 Expandable calculations on big integers (HO
)
Package: bitset 2011/01/30 v1.1 Handle bit-vector datatype (HO)
Package: uniquecounter 2011/01/30 v1.2 Provide unlimited unique counter (HO)
)
Package hobsub Info: Skipping package `hobsub' (already loaded).
Package: letltxmacro 2010/09/02 v1.4 Let assignment for LaTeX macros (HO)
Package: hopatch 2012/05/28 v1.2 Wrapper for package hooks (HO)
Package: xcolor-patch 2011/01/30 xcolor patch
Package: atveryend 2011/06/30 v1.8 Hooks at the very end of document (HO)
Package atveryend Info: \enddocument detected (standard20110627).
Package hobsub Info: Skipping package `atbegshi' (already loaded).
Package: refcount 2011/10/16 v3.4 Data extraction from label references (HO)
Package: hycolor 2011/01/30 v1.7 Color options for hyperref/bookmark (HO)
)
(/usr/share/texlive/texmf-dist/tex/latex/oberdiek/auxhook.sty
Package: auxhook 2011/03/04 v1.3 Hooks for auxiliary files (HO)
)
(/usr/share/texlive/texmf-dist/tex/latex/oberdiek/kvoptions.sty
Package: kvoptions 2011/06/30 v3.11 Key value format for package options (HO)
)
\@linkdim=\dimen154
\Hy@linkcounter=\count159
\Hy@pagecounter=\count160

(/usr/share/texlive/texmf-dist/tex/latex/hyperref/pd1enc.def
File: pd1enc.def 2012/11/06 v6.83m Hyperref: PDFDocEncoding definition (HO)
)
\Hy@SavedSpaceFactor=\count161

(/usr/share/texlive/texmf-dist/tex/latex/latexconfig/hyperref.cfg
File: hyperref.cfg 2002/06/06 v1.2 hyperref configuration of TeXLive
)
Package hyperref Info: Hyper figures OFF on input line 4443.
Package hyperref Info: Link nesting OFF on input line 4448.
Package hyperref Info: Hyper index ON on input line 4451.
Package hyperref Info: Plain pages OFF on input line 4458.
Package hyperref Info: Backreferencing OFF on input line 4463.
Package hyperref Info: Implicit mode ON; LaTeX internals redefined.
Package hyperref Info: Bookmarks ON on input line 4688.
\c@Hy@tempcnt=\count162

(/usr/share/texlive/texmf-dist/tex/latex/url/url.sty
\Urlmuskip=\muskip11
Package: url 2013/09/16  ver 3.4  Verb mode for urls, etc.
)
LaTeX Info: Redefining \url on input line 5041.
\XeTeXLinkMargin=\dimen155
\Fld@menulength=\count163
\Field@Width=\dimen156
\Fld@charsize=\dimen157
Package hyperref Info: Hyper figures OFF on input line 6295.
Package hyperref Info: Link nesting OFF on input line 6300.
Package hyperref Info: Hyper index ON on input line 6303.
Package hyperref Info: backreferencing OFF on input line 6310.
Package hyperref Info: Link coloring OFF on input line 6315.
Package hyperref Info: Link coloring with OCG OFF on input line 6320.
Package hyperref Info: PDF/A mode OFF on input line 6325.
LaTeX Info: Redefining \ref on input line 6365.
LaTeX Info: Redefining \pageref on input line 6369.
\Hy@abspage=\count164
\c@Item=\count165
\c@Hfootnote=\count166
)

Package hyperref Message: Driver (autodetected): hpdftex.

(/usr/share/texlive/texmf-dist/tex/latex/hyperref/hpdftex.def
File: hpdftex.def 2012/11/06 v6.83m Hyperref driver for pdfTeX
\Fld@listcount=\count167
\c@bookmark@seq@number=\count168

(/usr/share/texlive/texmf-dist/tex/latex/oberdiek/rerunfilecheck.sty
Package: rerunfilecheck 2011/04/15 v1.7 Rerun checks for auxiliary files (HO)
Package uniquecounter Info: New unique counter `rerunfilecheck' on input line 2
82.
)
\Hy@SectionHShift=\skip94
)
(/usr/share/texlive/texmf-dist/tex/latex/siunitx/siunitx.sty
(/usr/share/texlive/texmf-dist/tex/latex/l3kernel/expl3.sty
(/usr/share/texlive/texmf-dist/tex/latex/l3kernel/l3names.sty
(/usr/share/texlive/texmf-dist/tex/latex/l3kernel/l3bootstrap.sty
Package: l3bootstrap 2014/01/04 v4640 L3 Experimental bootstrap code
)
Package: l3names 2014/01/04 v4640 L3 Namespace for primitives
)
(/usr/share/texlive/texmf-dist/tex/latex/etex-pkg/etex.sty
Package: etex 1998/03/26 v2.0 eTeX basic definition package (PEB)
\et@xins=\count169
)
Package: expl3 2014/01/07 v4646 L3 Experimental code bundle wrapper

(/usr/share/texlive/texmf-dist/tex/latex/l3kernel/l3basics.sty
Package: l3basics 2014/01/04 v4642 L3 Basic definitions
)
(/usr/share/texlive/texmf-dist/tex/latex/l3kernel/l3expan.sty
Package: l3expan 2014/01/04 v4642 L3 Argument expansion
)
(/usr/share/texlive/texmf-dist/tex/latex/l3kernel/l3tl.sty
Package: l3tl 2013/12/27 v4625 L3 Token lists
)
(/usr/share/texlive/texmf-dist/tex/latex/l3kernel/l3seq.sty
Package: l3seq 2013/12/14 v4623 L3 Sequences and stacks
)
(/usr/share/texlive/texmf-dist/tex/latex/l3kernel/l3int.sty
Package: l3int 2013/08/02 v4583 L3 Integers
\c_max_int=\count170
\l_tmpa_int=\count171
\l_tmpb_int=\count172
\g_tmpa_int=\count173
\g_tmpb_int=\count174
)
(/usr/share/texlive/texmf-dist/tex/latex/l3kernel/l3quark.sty
Package: l3quark 2013/12/14 v4623 L3 Quarks
)
(/usr/share/texlive/texmf-dist/tex/latex/l3kernel/l3prg.sty
Package: l3prg 2014/01/04 v4642 L3 Control structures
\g__prg_map_int=\count175
)
(/usr/share/texlive/texmf-dist/tex/latex/l3kernel/l3clist.sty
Package: l3clist 2013/07/28 v4581 L3 Comma separated lists
)
(/usr/share/texlive/texmf-dist/tex/latex/l3kernel/l3token.sty
Package: l3token 2013/08/25 v4587 L3 Experimental token manipulation
)
(/usr/share/texlive/texmf-dist/tex/latex/l3kernel/l3prop.sty
Package: l3prop 2013/12/14 v4623 L3 Property lists
)
(/usr/share/texlive/texmf-dist/tex/latex/l3kernel/l3msg.sty
Package: l3msg 2013/07/28 v4581 L3 Messages
)
(/usr/share/texlive/texmf-dist/tex/latex/l3kernel/l3file.sty
Package: l3file 2013/10/13 v4596 L3 File and I/O operations
\l_iow_line_count_int=\count176
\l__iow_target_count_int=\count177
\l__iow_current_line_int=\count178
\l__iow_current_word_int=\count179
\l__iow_current_indentation_int=\count180
)
(/usr/share/texlive/texmf-dist/tex/latex/l3kernel/l3skip.sty
Package: l3skip 2013/07/28 v4581 L3 Dimensions and skips
\c_zero_dim=\dimen158
\c_max_dim=\dimen159
\l_tmpa_dim=\dimen160
\l_tmpb_dim=\dimen161
\g_tmpa_dim=\dimen162
\g_tmpb_dim=\dimen163
\c_zero_skip=\skip95
\c_max_skip=\skip96
\l_tmpa_skip=\skip97
\l_tmpb_skip=\skip98
\g_tmpa_skip=\skip99
\g_tmpb_skip=\skip100
\c_zero_muskip=\muskip12
\c_max_muskip=\muskip13
\l_tmpa_muskip=\muskip14
\l_tmpb_muskip=\muskip15
\g_tmpa_muskip=\muskip16
\g_tmpb_muskip=\muskip17
)
(/usr/share/texlive/texmf-dist/tex/latex/l3kernel/l3keys.sty
Package: l3keys 2013/12/08 v4614 L3 Experimental key-value interfaces
\g__keyval_level_int=\count181
\l_keys_choice_int=\count182
)
(/usr/share/texlive/texmf-dist/tex/latex/l3kernel/l3fp.sty
Package: l3fp 2014/01/04 v4642 L3 Floating points
\c__fp_leading_shift_int=\count183
\c__fp_middle_shift_int=\count184
\c__fp_trailing_shift_int=\count185
\c__fp_big_leading_shift_int=\count186
\c__fp_big_middle_shift_int=\count187
\c__fp_big_trailing_shift_int=\count188
\c__fp_Bigg_leading_shift_int=\count189
\c__fp_Bigg_middle_shift_int=\count190
\c__fp_Bigg_trailing_shift_int=\count191
)
(/usr/share/texlive/texmf-dist/tex/latex/l3kernel/l3box.sty
Package: l3box 2013/07/28 v4581 L3 Experimental boxes
\c_empty_box=\box36
\l_tmpa_box=\box37
\l_tmpb_box=\box38
\g_tmpa_box=\box39
\g_tmpb_box=\box40
)
(/usr/share/texlive/texmf-dist/tex/latex/l3kernel/l3coffins.sty
Package: l3coffins 2013/12/14 v4624 L3 Coffin code layer
\l__coffin_internal_box=\box41
\l__coffin_internal_dim=\dimen164
\l__coffin_offset_x_dim=\dimen165
\l__coffin_offset_y_dim=\dimen166
\l__coffin_x_dim=\dimen167
\l__coffin_y_dim=\dimen168
\l__coffin_x_prime_dim=\dimen169
\l__coffin_y_prime_dim=\dimen170
\c_empty_coffin=\box42
\l__coffin_aligned_coffin=\box43
\l__coffin_aligned_internal_coffin=\box44
\l_tmpa_coffin=\box45
\l_tmpb_coffin=\box46
\l__coffin_display_coffin=\box47
\l__coffin_display_coord_coffin=\box48
\l__coffin_display_pole_coffin=\box49
\l__coffin_display_offset_dim=\dimen171
\l__coffin_display_x_dim=\dimen172
\l__coffin_display_y_dim=\dimen173
)
(/usr/share/texlive/texmf-dist/tex/latex/l3kernel/l3color.sty
Package: l3color 2012/08/29 v4156 L3 Experimental color support
)
(/usr/share/texlive/texmf-dist/tex/latex/l3kernel/l3luatex.sty
Package: l3luatex 2013/07/28 v4581 L3 Experimental LuaTeX-specific functions
\g__cctab_allocate_int=\count192
\g__cctab_stack_int=\count193
)
(/usr/share/texlive/texmf-dist/tex/latex/l3kernel/l3candidates.sty
Package: l3candidates 2014/01/06 v4643 L3 Experimental additions to l3kernel
\l__box_top_dim=\dimen174
\l__box_bottom_dim=\dimen175
\l__box_left_dim=\dimen176
\l__box_right_dim=\dimen177
\l__box_top_new_dim=\dimen178
\l__box_bottom_new_dim=\dimen179
\l__box_left_new_dim=\dimen180
\l__box_right_new_dim=\dimen181
\l__box_internal_box=\box50
\l__coffin_bounding_shift_dim=\dimen182
\l__coffin_left_corner_dim=\dimen183
\l__coffin_right_corner_dim=\dimen184
\l__coffin_bottom_corner_dim=\dimen185
\l__coffin_top_corner_dim=\dimen186
\l__coffin_scaled_total_height_dim=\dimen187
\l__coffin_scaled_width_dim=\dimen188
))
(/usr/share/texlive/texmf-dist/tex/latex/l3packages/xparse/xparse.sty
Package: xparse 2013/12/31 v4634 L3 Experimental document command parser
\l__xparse_current_arg_int=\count194
\l__xparse_m_args_int=\count195
\l__xparse_mandatory_args_int=\count196
\l__xparse_processor_int=\count197
\l__xparse_v_nesting_int=\count198
)
Package: siunitx 2013/07/31 v2.5s A comprehensive (SI) units package

(/usr/share/texlive/texmf-dist/tex/latex/l3packages/l3keys2e/l3keys2e.sty
Package: l3keys2e 2013/12/31 v4634 LaTeX2e option processing using LaTeX3 keys
)
Variant \tl_if_blank:VTF already defined; not changing it on line 50
\l__siunitx_tmp_box=\box51
\l__siunitx_tmp_dim=\dimen189
\l__siunitx_tmp_int=\count199
Variant \prop_get:NVNT already defined; not changing it on line 371
Variant \prop_get:NVNF already defined; not changing it on line 372
Variant \prop_get:NVNTF already defined; not changing it on line 373
\l__siunitx_number_mantissa_length_int=\count200
\l__siunitx_number_uncert_length_int=\count201
Normal \count register pool exhausted, switching to extended pool.
\l__siunitx_round_int=\count277
\l__siunitx_process_decimal_int=\count278
\l__siunitx_process_uncertainty_int=\count279
\l__siunitx_process_fixed_int=\count280
\l__siunitx_process_integer_min_int=\count281
\l__siunitx_process_precision_int=\count282
\l__siunitx_group_min_int=\count283
\l__siunitx_angle_marker_box=\box52
\l__siunitx_angle_unit_box=\box53
\l__siunitx_angle_marker_dim=\dimen190
\l__siunitx_angle_unit_dim=\dimen191
\l__siunitx_unit_int=\count284
\l__siunitx_unit_denominator_int=\count285
\l__siunitx_unit_numerator_int=\count286
\l__siunitx_unit_prefix_int=\count287
\l__siunitx_unit_prefix_base_int=\count288
\l__siunitx_unit_prefix_gram_int=\count289
\l__siunitx_number_product_int=\count290
\c__siunitx_one_fill_skip=\skip101
\l__siunitx_table_unit_align_skip=\skip102
\l__siunitx_table_exponent_dim=\dimen192
\l__siunitx_table_integer_dim=\dimen193
\l__siunitx_table_mantissa_dim=\dimen194
\l__siunitx_table_marker_dim=\dimen195
\l__siunitx_table_result_dim=\dimen196
\l__siunitx_table_uncert_dim=\dimen197
\l__siunitx_table_fill_pre_dim=\dimen198
\l__siunitx_table_fill_post_dim=\dimen199
\l__siunitx_table_fill_mid_dim=\dimen200
\l__siunitx_table_pre_box=\box54
\l__siunitx_table_post_box=\box55
\l__siunitx_table_mantissa_box=\box56
\l__siunitx_table_result_box=\box57
\l__siunitx_table_number_align_skip=\skip103
\l__siunitx_table_text_align_skip=\skip104
.................................................
. LaTeX info: "xparse/define-command"
. 
. Defining document command \DeclareBinaryPrefix with arg. spec. 'mmm' on line
. 7101.
.................................................
.................................................
. LaTeX info: "xparse/define-command"
. 
. Defining document command \DeclareSIPostPower with arg. spec. 'mm' on line
. 7104.
.................................................
.................................................
. LaTeX info: "xparse/define-command"
. 
. Defining document command \DeclareSIPrefix with arg. spec. 'mmm' on line
. 7107.
.................................................
.................................................
. LaTeX info: "xparse/define-command"
. 
. Defining document command \DeclareSIPrePower with arg. spec. 'mm' on line
. 7110.
.................................................
.................................................
. LaTeX info: "xparse/define-command"
. 
. Defining document command \DeclareSIQualifier with arg. spec. 'mm' on line
. 7113.
.................................................
.................................................
. LaTeX info: "xparse/define-command"
. 
. Defining document command \DeclareSIUnit with arg. spec. 'O{}mm' on line
. 7116.
.................................................
.................................................
. LaTeX info: "xparse/define-command"
. 
. Defining document command \DeclareSIUnitWithOptions with arg. spec. 'mmm' on
. line 7119.
.................................................
.................................................
. LaTeX info: "xparse/define-command"
. 
. Defining document command \ang with arg. spec. 'o>{\SplitArgument {2}{;}}m'
. on line 7134.
.................................................
.................................................
. LaTeX info: "xparse/define-command"
. 
. Defining document command \num with arg. spec. 'om' on line 7142.
.................................................
.................................................
. LaTeX info: "xparse/define-command"
. 
. Defining document command \numlist with arg. spec. 'o>{\SplitList {;}}m' on
. line 7150.
.................................................
.................................................
. LaTeX info: "xparse/define-command"
. 
. Defining document command \numrange with arg. spec. 'omm' on line 7158.
.................................................
.................................................
. LaTeX info: "xparse/define-command"
. 
. Defining document command \SIlist with arg. spec. 'o>{\SplitList {;}}mm' on
. line 7169.
.................................................
.................................................
. LaTeX info: "xparse/define-command"
. 
. Defining document command \SIrange with arg. spec. 'ommm' on line 7180.
.................................................
.................................................
. LaTeX info: "xparse/define-command"
. 
. Defining document command \SI with arg. spec. 'omom' on line 7191.
.................................................
.................................................
. LaTeX info: "xparse/define-command"
. 
. Defining document command \sisetup with arg. spec. 'm' on line 7194.
.................................................
.................................................
. LaTeX info: "xparse/define-command"
. 
. Defining document command \tablenum with arg. spec. 'om' on line 7206.
.................................................
.................................................
. LaTeX info: "xparse/define-command"
. 
. Defining document command \si with arg. spec. 'om' on line 7217.
.................................................
.................................................
. LaTeX info: "xparse/define-command"
. 
. Defining document command \__siunitx_bookmark_num:w with arg. spec. 'om' on
. line 7262.
.................................................
.................................................
. LaTeX info: "xparse/define-command"
. 
. Defining document command \__siunitx_bookmark_numrange:w with arg. spec.
. 'omm' on line 7264.
.................................................
.................................................
. LaTeX info: "xparse/define-command"
. 
. Defining document command \__siunitx_bookmark_SI:w with arg. spec. 'omom' on
. line 7266.
.................................................
.................................................
. LaTeX info: "xparse/define-command"
. 
. Defining document command \__siunitx_bookmark_SIlist:w with arg. spec. 'omm'
. on line 7268.
.................................................
.................................................
. LaTeX info: "xparse/define-command"
. 
. Defining document command \__siunitx_bookmark_SIrange:w with arg. spec.
. 'ommm' on line 7270.
.................................................
.................................................
. LaTeX info: "xparse/define-command"
. 
. Defining document command \__siunitx_bookmark_si:w with arg. spec. 'om' on
. line 7271.
.................................................
\g__file_internal_ior=\read5

(/usr/share/texmf/tex/latex/beamer/base/translator/translator.sty
Package: translator 2010/06/12 ver 1.10

(/usr/share/texmf/tex/latex/beamer/base/translator/translator-language-mappings
.tex))) (/usr/share/texlive/texmf-dist/tex/latex/acronym/acronym.sty
Package: acronym 2012/10/29 v1.38 Support for acronyms (Tobias Oetiker)

(/usr/share/texlive/texmf-dist/tex/latex/bigfoot/suffix.sty
Package: suffix 2006/07/15 1.5 Variant command support
)
(/usr/share/texlive/texmf-dist/tex/generic/xstring/xstring.sty
(/usr/share/texlive/texmf-dist/tex/generic/xstring/xstring.tex
\@xs@message=\write6
\integerpart=\count291
\decimalpart=\count292
)
Package: xstring 2013/10/13  v1.7c  String manipulations (C Tellechea)
)
\AC@clearlist=\toks37
)
(/usr/share/texlive/texmf-dist/tex/latex/mhchem/mhchem.sty
Package: mhchem 2014/02/01 v3.15 for typesetting chemical formulae

(/usr/share/texlive/texmf-dist/tex/latex/oberdiek/twoopt.sty
Package: twoopt 2008/08/11 v1.5 Definitions with two optional arguments (HO)
)
\mhchem@ce@result=\toks38
\mhchem@ce@part=\toks39
\mhchem@arrow@deployType=\toks40
\mhchem@arrow@params=\toks41
\mhchem@arrowlength@pgf=\skip105
\mhchem@bondwidth=\skip106
\mhchem@bondheight=\skip107
\mhchem@smallbondwidth@tmpA=\skip108
\mhchem@smallbondwidth@tmpB=\skip109
\mhchem@smallbondwidth=\skip110
\__mhchem_option_version_int=\count293
\mhchem@prepostscript@tmp@i=\skip111
\mhchem@prepostscript@tmp@ii=\skip112
\mhchem@mathbox@tmp@i=\skip113
\mhchem@mathbox@tmp@ii=\skip114
\mhchem@minispace@tmp=\skip115
\mhchem@option@minussidebearingleft=\skip116
\mhchem@option@minussidebearingright=\skip117
)
(/usr/share/texlive/texmf-dist/tex/latex/sidecap/sidecap.sty
Package: sidecap 2003/06/06 v1.6f SideCap Package (RN/HjG)
\SC@BOXWD=\dimen201
Normal \dimen register pool exhausted, switching to extended pool.
\SC@CAPWD=\dimen256
\SC@tempdima=\dimen257
\SC@tempdimb=\dimen258
\c@SC@C=\count294
\SC@BOX=\box58
)
(/usr/share/texlive/texmf-dist/tex/latex/wrapfig/wrapfig.sty
\wrapoverhang=\dimen259
\WF@size=\dimen260
\c@WF@wrappedlines=\count295
\WF@box=\box59
\WF@everypar=\toks42
Package: wrapfig 2003/01/31  v 3.6
)
(/usr/share/texmf/tex/latex/xcolor/xcolor.sty
Package: xcolor 2007/01/21 v2.11 LaTeX color extensions (UK)

(/usr/share/texlive/texmf-dist/tex/latex/latexconfig/color.cfg
File: color.cfg 2007/01/18 v1.5 color configuration of teTeX/TeXLive
)
Package xcolor Info: Package option `usenames' ignored on input line 216.
Package xcolor Info: Driver file: pdftex.def on input line 225.

(/usr/share/texlive/texmf-dist/tex/latex/colortbl/colortbl.sty
Package: colortbl 2012/02/13 v1.0a Color table columns (DPC)
\everycr=\toks43
\minrowclearance=\skip118
)
LaTeX Info: Redefining \color on input line 702.
\rownum=\count296
Package xcolor Info: Model `cmy' substituted by `cmy0' on input line 1337.
Package xcolor Info: Model `RGB' extended on input line 1353.
Package xcolor Info: Model `HTML' substituted by `rgb' on input line 1355.
Package xcolor Info: Model `Hsb' substituted by `hsb' on input line 1356.
Package xcolor Info: Model `tHsb' substituted by `hsb' on input line 1357.
Package xcolor Info: Model `HSB' substituted by `hsb' on input line 1358.
Package xcolor Info: Model `Gray' substituted by `gray' on input line 1359.
Package xcolor Info: Model `wave' substituted by `hsb' on input line 1360.

(/usr/share/texlive/texmf-dist/tex/latex/graphics/dvipsnam.def
File: dvipsnam.def 1999/02/16 v3.0i Driver-dependant file (DPC,SPQR)
)
(/usr/share/texmf/tex/latex/xcolor/svgnam.def
File: svgnam.def 2007/01/21 v2.11 Predefined colors according to SVG 1.1 (UK)
))
(/usr/share/texlive/texmf-dist/tex/latex/enumitem/enumitem.sty
Package: enumitem 2011/09/28 v3.5.2 Customized lists
\labelindent=\skip119
\enit@outerparindent=\dimen261
\enit@toks=\toks44
\enit@inbox=\box60
\enitdp@description=\count297
)
(/usr/share/texlive/texmf-dist/tex/latex/tools/longtable.sty
Package: longtable 2004/02/01 v4.11 Multi-page Table package (DPC)
\LTleft=\skip120
\LTright=\skip121
\LTpre=\skip122
\LTpost=\skip123
\LTchunksize=\count298
\LTcapwidth=\dimen262
\LT@head=\box61
\LT@firsthead=\box62
\LT@foot=\box63
\LT@lastfoot=\box64
\LT@cols=\count299
\LT@rows=\count300
\c@LT@tables=\count301
\c@LT@chunks=\count302
\LT@p@ftn=\toks45
)
(/usr/share/texlive/texmf-dist/tex/latex/ltablex/ltablex.sty
Package: ltablex 1995/11/06 v1.0 Modified tabularx
)
(/usr/share/texlive/texmf-dist/tex/latex/was/gensymb.sty
Package: gensymb 2003/07/02 v1.0 (WaS)
)
(/usr/share/texlive/texmf-dist/tex/latex/psnfss/courier.sty
Package: courier 2005/04/12 PSNFSS-v9.2a (WaS) 
))
\@input{studentInfo.aux}
\openout2 = `studentInfo.aux'.

(./studentInfo.tex
\c@theorem=\count303
\c@definition=\count304
\c@lemma=\count305
\c@notation=\count306
)
(/usr/share/texlive/texmf-dist/tex/latex/glossaries/base/glossaries.sty
Package: glossaries 2014/01/20 v4.03 (NLCT)

(/usr/share/texlive/texmf-dist/tex/latex/xkeyval/xkeyval.sty
Package: xkeyval 2012/10/14 v2.6b package option processing (HA)

(/usr/share/texlive/texmf-dist/tex/generic/xkeyval/xkeyval.tex
\XKV@toks=\toks46
\XKV@tempa@toks=\toks47
\XKV@depth=\count307
File: xkeyval.tex 2012/10/14 v2.6b key=value parser (HA)
))
(/usr/share/texlive/texmf-dist/tex/latex/glossaries/base/mfirstuc.sty
Package: mfirstuc 2013/11/04 v1.08 (NLCT)

(/usr/share/texlive/texmf-dist/tex/latex/etoolbox/etoolbox.sty
Package: etoolbox 2011/01/03 v2.1 e-TeX tools for LaTeX
\etb@tempcnta=\count308
)
\@glsmfirst=\toks48
\@glsmrest=\toks49
)
(/usr/share/texlive/texmf-dist/tex/latex/textcase/textcase.sty
Package: textcase 2004/10/07 v0.07 Text only upper/lower case changing (DPC)
)
(/usr/share/texlive/texmf-dist/tex/latex/xfor/xfor.sty
Package: xfor 2009/02/05 v1.05 (NLCT)
)
(/usr/share/texlive/texmf-dist/tex/latex/datatool/datatool-base.sty
Package: datatool-base 2013/09/06 v2.18 (NLCT)

(/usr/share/texlive/texmf-dist/tex/latex/substr/substr.sty
Package: substr 2009/10/20 v1.2 Handle substrings
\c@su@anzahl=\count309
)
(/usr/share/texlive/texmf-dist/tex/latex/datatool/datatool-fp.sty
Package: datatool-fp 2013/08/29 v2.17 (NLCT)

(/usr/share/texlive/texmf-dist/tex/latex/fp/fp.sty
Package: fp 1995/04/02

`Fixed Point Package', Version 0.8, April 2, 1995 (C) Michael Mehlich
(/usr/share/texlive/texmf-dist/tex/latex/fp/defpattern.sty
Package: defpattern 1994/10/12
\actioncount=\count310
)
(/usr/share/texlive/texmf-dist/tex/latex/fp/fp-basic.sty
Package: fp-basic 1996/05/13
\FP@xs=\count311
\FP@xia=\count312
\FP@xib=\count313
\FP@xfa=\count314
\FP@xfb=\count315
\FP@rega=\count316
\FP@regb=\count317
\FP@regs=\count318
\FP@times=\count319
)
(/usr/share/texlive/texmf-dist/tex/latex/fp/fp-addons.sty
Package: fp-addons 1995/03/15
)
(/usr/share/texlive/texmf-dist/tex/latex/fp/fp-snap.sty
Package: fp-snap 1995/04/05
)
(/usr/share/texlive/texmf-dist/tex/latex/fp/fp-exp.sty
Package: fp-exp 1995/04/03
)
(/usr/share/texlive/texmf-dist/tex/latex/fp/fp-trigo.sty
Package: fp-trigo 1995/04/14
)
(/usr/share/texlive/texmf-dist/tex/latex/fp/fp-pas.sty
Package: fp-pas 1994/08/29
)
(/usr/share/texlive/texmf-dist/tex/latex/fp/fp-random.sty
Package: fp-random 1995/02/23
\FPseed=\count320
)
(/usr/share/texlive/texmf-dist/tex/latex/fp/fp-eqn.sty
Package: fp-eqn 1995/04/03
)
(/usr/share/texlive/texmf-dist/tex/latex/fp/fp-upn.sty
Package: fp-upn 1996/10/21
)
(/usr/share/texlive/texmf-dist/tex/latex/fp/fp-eval.sty
Package: fp-eval 1995/04/03
)))
\@dtl@toks=\toks50
\@dtl@tmpcount=\count321
\dtl@tmplength=\skip124
\dtl@sortresult=\count322
\@dtl@numgrpsepcount=\count323
\@dtl@datatype=\count324
\dtl@codeA=\count325
\dtl@codeB=\count326
\@dtl@foreach@level=\count327
)
(/usr/share/texlive/texmf-dist/tex/latex/glossaries/base/glossaries-compatible-
307.sty
Package: glossaries-compatible-307 2013/11/14 v4.0 (NLCT)
)
\gls@level=\count328
\@gls@tmpb=\toks51
\gls@tmplen=\skip125
\glswrite=\write7
\glskeylisttok=\toks52
\glslabeltok=\toks53
\glsshorttok=\toks54
\glslongtok=\toks55

(/usr/share/texlive/texmf-dist/tex/latex/glossaries/styles/glossary-hypernav.st
y
Package: glossary-hypernav 2013/11/14 v4.0 (NLCT)
) (/usr/share/texlive/texmf-dist/tex/latex/glossaries/styles/glossary-list.sty
Package: glossary-list 2013/11/14 v4.0 (NLCT)
\glslistdottedwidth=\skip126
) (/usr/share/texlive/texmf-dist/tex/latex/glossaries/styles/glossary-long.sty
Package: glossary-long 2013/11/14 v4.0 (NLCT)
\glsdescwidth=\skip127
\glspagelistwidth=\skip128
) (/usr/share/texlive/texmf-dist/tex/latex/glossaries/styles/glossary-super.sty
Package: glossary-super 2013/11/14 v4.0 (NLCT)

(/usr/share/texlive/texmf-dist/tex/latex/supertabular/supertabular.sty
Package: supertabular 2004/02/20 v4.1e the supertabular environment
\c@tracingst=\count329
\ST@wd=\dimen263
\ST@rightskip=\skip129
\ST@leftskip=\skip130
\ST@parfillskip=\skip131
\ST@pageleft=\dimen264
\ST@headht=\dimen265
\ST@tailht=\dimen266
\ST@pagesofar=\dimen267
\ST@pboxht=\dimen268
\ST@lineht=\dimen269
\ST@stretchht=\dimen270
\ST@prevht=\dimen271
\ST@toadd=\dimen272
\ST@dimen=\dimen273
\ST@pbox=\box65
))
(/usr/share/texlive/texmf-dist/tex/latex/glossaries/styles/glossary-tree.sty
Package: glossary-tree 2013/11/14 v4.0 (NLCT)
\glstreeindent=\skip132
))
(./nomenclature.tex)
\glo@main@file=\write8
\openout8 = `main.glo'.

Package glossaries Info: Writing glossary file main.glo on input line 8.
 (./main.aux (./abstract.aux) (./acknowledgements.aux)
(./dedication.aux) (./introduction.aux) (./background.aux) (./localization.aux)
(./trajectory.aux) (./thickness.aux) (./overview.aux) (./code.aux

LaTeX Warning: Label `alg:trajv' multiply defined.

) (./testing.aux) (./results.aux) (./conclusions.aux) (./appendix.aux))
\openout1 = `main.aux'.

LaTeX Font Info:    Checking defaults for OML/cmm/m/it on input line 76.
LaTeX Font Info:    ... okay on input line 76.
LaTeX Font Info:    Checking defaults for T1/cmr/m/n on input line 76.
LaTeX Font Info:    ... okay on input line 76.
LaTeX Font Info:    Checking defaults for OT1/cmr/m/n on input line 76.
LaTeX Font Info:    ... okay on input line 76.
LaTeX Font Info:    Checking defaults for OMS/cmsy/m/n on input line 76.
LaTeX Font Info:    ... okay on input line 76.
LaTeX Font Info:    Checking defaults for OMX/cmex/m/n on input line 76.
LaTeX Font Info:    ... okay on input line 76.
LaTeX Font Info:    Checking defaults for U/cmr/m/n on input line 76.
LaTeX Font Info:    ... okay on input line 76.
LaTeX Font Info:    Checking defaults for TS1/cmr/m/n on input line 76.
LaTeX Font Info:    Try loading font information for TS1+cmr on input line 76.

(/usr/share/texlive/texmf-dist/tex/latex/base/ts1cmr.fd
File: ts1cmr.fd 1999/05/25 v2.5h Standard LaTeX font definitions
)
LaTeX Font Info:    ... okay on input line 76.
LaTeX Font Info:    Checking defaults for PD1/pdf/m/n on input line 76.
LaTeX Font Info:    ... okay on input line 76.

*geometry* driver: auto-detecting
*geometry* detected driver: pdftex
*geometry* verbose mode - [ preamble ] result:
* driver: pdftex
* paper: <default>
* layout: <same size as paper>
* layoutoffset:(h,v)=(0.0pt,0.0pt)
* modes: 
* h-part:(L,W,R)=(108.12054pt, 435.04257pt, 71.13188pt)
* v-part:(T,H,B)=(71.13188pt, 652.70622pt, 71.13188pt)
* \paperwidth=614.295pt
* \paperheight=794.96999pt
* \textwidth=435.04257pt
* \textheight=652.70622pt
* \oddsidemargin=35.85056pt
* \evensidemargin=35.85056pt
* \topmargin=-38.1381pt
* \headheight=12.0pt
* \headsep=25.0pt
* \topskip=12.0pt
* \footskip=30.0pt
* \marginparwidth=44.0pt
* \marginparsep=10.0pt
* \columnsep=10.0pt
* \skip\footins=10.8pt plus 4.0pt minus 2.0pt
* \hoffset=0.0pt
* \voffset=0.0pt
* \mag=1000
* \@twocolumnfalse
* \@twosidefalse
* \@mparswitchfalse
* \@reversemarginfalse
* (1in=72.27pt=25.4mm, 1cm=28.453pt)

(/usr/share/texlive/texmf-dist/tex/context/base/supp-pdf.mkii
[Loading MPS to PDF converter (version 2006.09.02).]
\scratchcounter=\count330
\scratchdimen=\dimen274
\scratchbox=\box66
\nofMPsegments=\count331
\nofMParguments=\count332
\everyMPshowfont=\toks56
\MPscratchCnt=\count333
\MPscratchDim=\dimen275
\MPnumerator=\count334
\makeMPintoPDFobject=\count335
\everyMPtoPDFconversion=\toks57
) (/usr/share/texlive/texmf-dist/tex/latex/oberdiek/epstopdf-base.sty
Package: epstopdf-base 2010/02/09 v2.5 Base part for package epstopdf

(/usr/share/texlive/texmf-dist/tex/latex/oberdiek/grfext.sty
Package: grfext 2010/08/19 v1.1 Manage graphics extensions (HO)
)
Package epstopdf-base Info: Redefining graphics rule for `.eps' on input line 4
34.
Package grfext Info: Graphics extension search list:
(grfext)             [.png,.pdf,.jpg,.mps,.jpeg,.jbig2,.jb2,.PNG,.PDF,.JPG,.JPE
G,.JBIG2,.JB2,.eps]
(grfext)             \AppendGraphicsExtensions on input line 452.

(/usr/share/texlive/texmf-dist/tex/latex/latexconfig/epstopdf-sys.cfg
File: epstopdf-sys.cfg 2010/07/13 v1.3 Configuration of (r)epstopdf for TeX Liv
e
))
\c@lstlisting=\count336
\AtBeginShipoutBox=\box67
Package hyperref Info: Link coloring OFF on input line 76.

(/usr/share/texlive/texmf-dist/tex/latex/hyperref/nameref.sty
Package: nameref 2012/10/27 v2.43 Cross-referencing by name of section

(/usr/share/texlive/texmf-dist/tex/generic/oberdiek/gettitlestring.sty
Package: gettitlestring 2010/12/03 v1.4 Cleanup title references (HO)
)
\c@section@level=\count337
)
LaTeX Info: Redefining \ref on input line 76.
LaTeX Info: Redefining \pageref on input line 76.
LaTeX Info: Redefining \nameref on input line 76.

(./main.out) (./main.out)
\@outlinefile=\write9
\openout9 = `main.out'.


(/usr/share/texmf/tex/latex/beamer/base/translator/dicts/translator-basic-dicti
onary/translator-basic-dictionary-English.dict
Dictionary: translator-basic-dictionary, Language: English 
)
(/usr/share/texlive/texmf-dist/tex/latex/glossaries/dict/glossaries-dictionary-
English.dict
Dictionary: glossaries-dictionary, Language: English 
)
(/usr/share/texlive/texmf-dist/tex/latex/siunitx/config/siunitx-abbreviations.c
fg
File: siunitx-abbreviations.cfg 2013/07/31 v2.5s siunitx: Abbreviated units
) (/usr/share/texlive/texmf-dist/tex/latex/ms/ragged2e.sty
Package: ragged2e 2009/05/21 v2.1 ragged2e Package (MS)

(/usr/share/texlive/texmf-dist/tex/latex/ms/everysel.sty
Package: everysel 2011/10/28 v1.2 EverySelectfont Package (MS)

ABD: EverySelectfont initializing macros
LaTeX Info: Redefining \selectfont on input line 126.
)
\CenteringLeftskip=\skip133
\RaggedLeftLeftskip=\skip134
\RaggedRightLeftskip=\skip135
\CenteringRightskip=\skip136
\RaggedLeftRightskip=\skip137
\RaggedRightRightskip=\skip138
\CenteringParfillskip=\skip139
\RaggedLeftParfillskip=\skip140
\RaggedRightParfillskip=\skip141
\JustifyingParfillskip=\skip142
\CenteringParindent=\skip143
\RaggedLeftParindent=\skip144
\RaggedRightParindent=\skip145
\JustifyingParindent=\skip146
)
\symgns@font=\mathgroup7
LaTeX Font Info:    Overwriting symbol font `gns@font' in version `bold'
(Font)                  TS1/cmr/m/n --> TS1/cmr/bx/n on input line 76.
Package gensymb Info: Math companion symbols declared on input line 76.
LaTeX Info: Redefining \degree on input line 76.
LaTeX Info: Redefining \celsius on input line 76.
Package gensymb Info: Using text companion symbols for \degree, \celsius and \p
erthousand on input line 76.
LaTeX Info: Redefining \ohm on input line 76.
Package gensymb Info: Using \textohm for \ohm on input line 76.
LaTeX Info: Redefining \micro on input line 76.
Package gensymb Info: Using \textmu for \micro on input line 76.
\c__siunitx_mathsf_int=\count338
LaTeX Font Info:    Try loading font information for U+msa on input line 76.

(/usr/share/texlive/texmf-dist/tex/latex/amsfonts/umsa.fd
File: umsa.fd 2013/01/14 v3.01 AMS symbols A
)
LaTeX Font Info:    Try loading font information for U+msb on input line 76.

(/usr/share/texlive/texmf-dist/tex/latex/amsfonts/umsb.fd
File: umsb.fd 2013/01/14 v3.01 AMS symbols B
)
\c__siunitx_mathtt_int=\count339

Overfull \hbox (7.2648pt too wide) in paragraph at lines 78--78
[][] 
 []

[1



\reset@newl@bel



\openout7 = `main.ist'.

{/var/lib/texmf/fonts/map/pdftex/updmap/pdftex.map}]
\openout2 = `abstract.aux'.

 (./abstract.tex) [2

]
\openout2 = `acknowledgements.aux'.


(./acknowledgements.tex) [3



] (./main.toc [4


] [5] [6] [7] [8])
\tf@toc=\write10
\openout10 = `main.toc'.

 [9] (./main.lot)
\tf@lot=\write11
\openout11 = `main.lot'.


[10

] (./main.lof
LaTeX Font Info:    Try loading font information for T1+pcr on input line 10.
 (/usr/share/texlive/texmf-dist/tex/latex/psnfss/t1pcr.fd
File: t1pcr.fd 2001/06/04 font definitions for T1/pcr.
)
[11

])
\tf@lof=\write12
\openout12 = `main.lof'.


No file main.gls.
[12] (./main.lol)
\tf@lol=\write13
\openout13 = `main.lol'.

 [13

] (./main.loa)
\tf@loa=\write14
\openout14 = `main.loa'.

 [14

]
\openout2 = `dedication.aux'.

 (./dedication.tex) [15

]
\openout2 = `introduction.aux'.


(./introduction.tex
Chapter 1.
) [1



]
\openout2 = `background.aux'.

 (./background.tex
Chapter 2.

LaTeX Warning: Citation `http://download.ros.org/downloads/metrics/metrics-repo
rt-2017-07.pdf' on page 2 undefined on input line 14.


Underfull \hbox (badness 10000) in paragraph at lines 14--15

 []


Underfull \hbox (badness 10000) in paragraph at lines 16--17

 []

[2



]

LaTeX Warning: Reference `fig:rosmessage' on page 3 undefined on input line 18.



Underfull \hbox (badness 10000) in paragraph at lines 18--19

 []

[3]

LaTeX Warning: Reference `fig:roscomplex' on page 4 undefined on input line 20.



LaTeX Warning: Reference `fig:roscomplex' on page 4 undefined on input line 20.



Underfull \hbox (badness 10000) in paragraph at lines 20--21

 []


LaTeX Warning: Reference `fig:rosservicelong' on page 4 undefined on input line
 22.


LaTeX Warning: Reference `fig:rosservice' on page 4 undefined on input line 22.



Underfull \hbox (badness 10000) in paragraph at lines 22--23

 []

[4]
Underfull \hbox (badness 10000) in paragraph at lines 24--25

 []


Underfull \hbox (badness 10000) in paragraph at lines 26--27

 []

[5])
Underfull \hbox (badness 10000) in paragraph at lines 28--117

 []

[6]
\openout2 = `localization.aux'.

 (./localization.tex
Chapter 3.

Underfull \hbox (badness 10000) in paragraph at lines 4--5

 []


Underfull \hbox (badness 10000) in paragraph at lines 7--8

 []

[7



]
Underfull \hbox (badness 10000) in paragraph at lines 9--10

 []


Underfull \hbox (badness 10000) in paragraph at lines 11--12

 []

[8]
Underfull \hbox (badness 10000) in paragraph at lines 13--14

 []


Underfull \hbox (badness 10000) in paragraph at lines 15--16

 []

[9]
Underfull \hbox (badness 10000) in paragraph at lines 17--18

 []

<Pics/frame.png, id=869, 301.125pt x 301.125pt>
File: Pics/frame.png Graphic file (type png)
 <use Pics/frame.png>
Package pdftex.def Info: Pics/frame.png used on input line 21.
(pdftex.def)             Requested size: 217.52129pt x 217.5312pt.

Underfull \hbox (badness 10000) in paragraph at lines 26--27

 []

[10 <./Pics/frame.png>]
Underfull \hbox (badness 10000) in paragraph at lines 28--29

 []


Underfull \hbox (badness 10000) in paragraph at lines 30--31

 []

[11]
Underfull \hbox (badness 10000) in paragraph at lines 34--35

 []

<Pics/fiducial.jpg, id=882, 1291.82625pt x 828.09375pt>
File: Pics/fiducial.jpg Graphic file (type jpg)

<use Pics/fiducial.jpg>
Package pdftex.def Info: Pics/fiducial.jpg used on input line 40.
(pdftex.def)             Requested size: 217.52129pt x 139.4347pt.
 [12]
Underfull \hbox (badness 10000) in paragraph at lines 45--46

 []

<Pics/light_metallic_spray_400px.jpg, id=889, 170.6375pt x 401.5pt>
File: Pics/light_metallic_spray_400px.jpg Graphic file (type jpg)

<use Pics/light_metallic_spray_400px.jpg>
Package pdftex.def Info: Pics/light_metallic_spray_400px.jpg used on input line
 49.
(pdftex.def)             Requested size: 87.00717pt x 204.72552pt.

Underfull \hbox (badness 10000) in paragraph at lines 56--57

 []

[13 <./Pics/fiducial.jpg> <./Pics/light_metallic_spray_400px.jpg>]
Underfull \hbox (badness 10000) in paragraph at lines 60--61

 []


Underfull \hbox (badness 10000) in paragraph at lines 62--63

 []

[14] <Pics/error.png, id=901, 410.2828pt x 172.39406pt>
File: Pics/error.png Graphic file (type png)
 <use Pics/error.png>
Package pdftex.def Info: Pics/error.png used on input line 67.
(pdftex.def)             Requested size: 435.04257pt x 182.79732pt.

Underfull \hbox (badness 10000) in paragraph at lines 76--77

 []


Underfull \hbox (badness 10000) in paragraph at lines 78--79

 []

[15 <./Pics/error.png>]
Underfull \hbox (badness 10000) in paragraph at lines 80--81

 []


Underfull \hbox (badness 10000) in paragraph at lines 84--85

 []


Underfull \hbox (badness 10000) in paragraph at lines 86--87

 []

[16]
Underfull \hbox (badness 10000) in paragraph at lines 88--89

 []


Underfull \hbox (badness 10000) in paragraph at lines 90--91

 []

[17] [18]
Underfull \hbox (badness 10000) in paragraph at lines 113--114

 []


Underfull \hbox (badness 10000) in paragraph at lines 117--118

 []


Underfull \hbox (badness 10000) in paragraph at lines 119--120

 []

[19]
Underfull \hbox (badness 10000) in paragraph at lines 125--126

 []


Underfull \hbox (badness 10000) in paragraph at lines 127--128

 []

[20])
Underfull \hbox (badness 10000) in paragraph at lines 144--118

 []

[21] [22]
\openout2 = `trajectory.aux'.

 (./trajectory.tex
Chapter 4.

Underfull \hbox (badness 10000) in paragraph at lines 4--5

 []


Underfull \hbox (badness 10000) in paragraph at lines 8--9

 []

[23



] <Pics/optimal.png, id=963, 472.76625pt x 352.31625pt>
File: Pics/optimal.png Graphic file (type png)

<use Pics/optimal.png>
Package pdftex.def Info: Pics/optimal.png used on input line 12.
(pdftex.def)             Requested size: 348.03539pt x 259.37134pt.

Underfull \hbox (badness 10000) in paragraph at lines 17--18

 []

[24 <./Pics/optimal.png>] <Pics/dyngui.png, id=971, 974.64125pt x 553.06625pt>
File: Pics/dyngui.png Graphic file (type png)

<use Pics/dyngui.png>
Package pdftex.def Info: Pics/dyngui.png used on input line 21.
(pdftex.def)             Requested size: 435.04257pt x 246.869pt.

Underfull \hbox (badness 10000) in paragraph at lines 26--27

 []

[25 <./Pics/dyngui.png>]
Underfull \hbox (badness 10000) in paragraph at lines 28--29

 []


Underfull \hbox (badness 10000) in paragraph at lines 30--31

 []

[26] <Pics/nonopt.png, id=984, 349.305pt x 313.17pt>
File: Pics/nonopt.png Graphic file (type png)
 <use Pics/nonopt.png>
Package pdftex.def Info: Pics/nonopt.png used on input line 34.
(pdftex.def)             Requested size: 348.03539pt x 312.05103pt.

<Pics/viapts.png, id=985, 243.91125pt x 263.98625pt>
File: Pics/viapts.png Graphic file (type png)
 <use Pics/viapts.png>
Package pdftex.def Info: Pics/viapts.png used on input line 41.
(pdftex.def)             Requested size: 261.0282pt x 282.51485pt.


LaTeX Warning: `h' float specifier changed to `ht'.


Underfull \hbox (badness 10000) in paragraph at lines 48--49

 []

[27 <./Pics/nonopt.png>] [28 <./Pics/viapts.png>]
Underfull \hbox (badness 10000) in paragraph at lines 52--53

 []


Underfull \hbox (badness 10000) in paragraph at lines 54--55

 []

[29]
Underfull \hbox (badness 10000) in paragraph at lines 56--57

 []


Underfull \hbox (badness 10000) in paragraph at lines 60--61

 []


Underfull \hbox (badness 10000) in paragraph at lines 62--63

 []

[30] <Pics/ant.jpg, id=1031, 3456.915pt x 2185.16376pt>
File: Pics/ant.jpg Graphic file (type jpg)
 <use Pics/ant.jpg>
Package pdftex.def Info: Pics/ant.jpg used on input line 66.
(pdftex.def)             Requested size: 348.03539pt x 219.99626pt.

Underfull \hbox (badness 10000) in paragraph at lines 71--72

 []

[31 <./Pics/ant.jpg>] <Pics/anttraj.png, id=1037, 572.1375pt x 572.1375pt>
File: Pics/anttraj.png Graphic file (type png)

<use Pics/anttraj.png>
Package pdftex.def Info: Pics/anttraj.png used on input line 75.
(pdftex.def)             Requested size: 348.03539pt x 348.03432pt.

Underfull \hbox (badness 10000) in paragraph at lines 82--83

 []

[32 <./Pics/anttraj.png>] <Pics/hplanes.png, id=1044, 1305.87875pt x 746.79pt>
File: Pics/hplanes.png Graphic file (type png)

<use Pics/hplanes.png>
Package pdftex.def Info: Pics/hplanes.png used on input line 86.
(pdftex.def)             Requested size: 435.04257pt x 248.77745pt.

Underfull \hbox (badness 10000) in paragraph at lines 91--92

 []

[33 <./Pics/hplanes.png>]
<Pics/pitchroll.png, id=1053, 1306.8825pt x 1489.565pt>
File: Pics/pitchroll.png Graphic file (type png)

<use Pics/pitchroll.png>
Package pdftex.def Info: Pics/pitchroll.png used on input line 95.
(pdftex.def)             Requested size: 435.04257pt x 495.85373pt.
 <Pics/yawlines.png, id=1054, 1305.87875pt x 746.79pt>
File: Pics/yawlines.png Graphic file (type png)

<use Pics/yawlines.png>
Package pdftex.def Info: Pics/yawlines.png used on input line 101.
(pdftex.def)             Requested size: 435.04257pt x 248.77745pt.
 [34] [35 <./Pics/pitchroll.png>]
<Pics/nlines.png, id=1065, 1305.87875pt x 746.79pt>
File: Pics/nlines.png Graphic file (type png)
 <use Pics/nlines.png>
Package pdftex.def Info: Pics/nlines.png used on input line 108.
(pdftex.def)             Requested size: 435.04257pt x 248.77745pt.

<Pics/vline.png, id=1066, 1305.87875pt x 746.79pt>
File: Pics/vline.png Graphic file (type png)
 <use Pics/vline.png>
Package pdftex.def Info: Pics/vline.png used on input line 117.
(pdftex.def)             Requested size: 435.04257pt x 248.77745pt.

[36 <./Pics/yawlines.png> <./Pics/nlines.png>]
Underfull \hbox (badness 10000) in paragraph at lines 122--123

 []

[37 <./Pics/vline.png>]
<Pics/sortedline.png, id=1084, 169.63374pt x 443.6575pt>
File: Pics/sortedline.png Graphic file (type png)

<use Pics/sortedline.png>
Package pdftex.def Info: Pics/sortedline.png used on input line 126.
(pdftex.def)             Requested size: 174.01436pt x 455.13097pt.
 <Pics/inset.png, id=1085, 1019.007pt x 541.222pt>
File: Pics/inset.png Graphic file (type png)

<use Pics/inset.png>
Package pdftex.def Info: Pics/inset.png used on input line 132.
(pdftex.def)             Requested size: 435.04257pt x 231.06099pt.
 [38] <Pics/sorting.png, id=1091, 489.83pt x 172.645pt>
File: Pics/sorting.png Graphic file (type png)

<use Pics/sorting.png>
Package pdftex.def Info: Pics/sorting.png used on input line 138.
(pdftex.def)             Requested size: 348.03539pt x 122.67099pt.
 [39 <./Pics/sortedline.png>]
<Pics/meandering.png, id=1096, 489.83pt x 172.645pt>
File: Pics/meandering.png Graphic file (type png)
 <use Pics/meandering.png>
Package pdftex.def Info: Pics/meandering.png used on input line 144.
(pdftex.def)             Requested size: 348.03539pt x 122.67099pt.

<Pics/trajtiles.png, id=1097, 2611.7575pt x 1493.58pt>
File: Pics/trajtiles.png Graphic file (type png)

<use Pics/trajtiles.png>
Package pdftex.def Info: Pics/trajtiles.png used on input line 153.
(pdftex.def)             Requested size: 435.04257pt x 248.77745pt.
 [40 <./Pics/inset.png> <./Pics/sorting.png> <./Pics/meandering.png>] [41 <./Pi
cs/trajtiles.png>]
Underfull \hbox (badness 10000) in paragraph at lines 172--173

 []

<Pics/genclosepts.png, id=1119, 1305.87875pt x 746.79pt>
File: Pics/genclosepts.png Graphic file (type png)

<use Pics/genclosepts.png>
Package pdftex.def Info: Pics/genclosepts.png used on input line 179.
(pdftex.def)             Requested size: 348.03539pt x 199.02652pt.

Underfull \hbox (badness 10000) in paragraph at lines 184--185

 []

[42 <./Pics/genclosepts.png>]
<Pics/genclosejustribs.png, id=1129, 1305.87875pt x 746.79pt>
File: Pics/genclosejustribs.png Graphic file (type png)

<use Pics/genclosejustribs.png>
Package pdftex.def Info: Pics/genclosejustribs.png used on input line 190.
(pdftex.def)             Requested size: 348.03539pt x 199.02652pt.

<Pics/gencloseribs.png, id=1130, 1305.87875pt x 746.79pt>
File: Pics/gencloseribs.png Graphic file (type png)

<use Pics/gencloseribs.png>
Package pdftex.def Info: Pics/gencloseribs.png used on input line 196.
(pdftex.def)             Requested size: 348.03539pt x 199.02652pt.
 [43 <./Pics/genclosejustribs.png>]
Underfull \hbox (badness 10000) in paragraph at lines 201--202

 []

[44 <./Pics/gencloseribs.png>]
<Pics/genclosepath.png, id=1143, 1305.87875pt x 746.79pt>
File: Pics/genclosepath.png Graphic file (type png)

<use Pics/genclosepath.png>
Package pdftex.def Info: Pics/genclosepath.png used on input line 206.
(pdftex.def)             Requested size: 348.03539pt x 199.02652pt.
)
Underfull \hbox (badness 10000) in paragraph at lines 211--119

 []

[45 <./Pics/genclosepath.png>] [46]
\openout2 = `thickness.aux'.

 (./thickness.tex
Chapter 5.

Underfull \hbox (badness 10000) in paragraph at lines 4--5

 []


Underfull \hbox (badness 10000) in paragraph at lines 6--7

 []

[47



]
Underfull \hbox (badness 10000) in paragraph at lines 8--9

 []

) [48] [49]
\openout2 = `overview.aux'.

 (./overview.tex
Chapter 6.

Underfull \hbox (badness 10000) in paragraph at lines 18--19

 []

[50



]
Overfull \vbox (116.37442pt too high) has occurred while \output is active []


[51]
Underfull \hbox (badness 10000) in paragraph at lines 20--21

 []


Underfull \hbox (badness 10000) in paragraph at lines 22--23

 []


Underfull \hbox (badness 10000) in paragraph at lines 24--25

 []

[52]
Underfull \hbox (badness 10000) in paragraph at lines 28--29

 []


Underfull \hbox (badness 10000) in paragraph at lines 45--46

 []


Underfull \hbox (badness 10000) in paragraph at lines 49--50

 []

[53]
Underfull \hbox (badness 10000) in paragraph at lines 53--54

 []


Underfull \hbox (badness 10000) in paragraph at lines 57--58

 []


Underfull \hbox (badness 10000) in paragraph at lines 61--62

 []

[54]
Underfull \hbox (badness 10000) in paragraph at lines 65--66

 []

(/usr/share/texlive/texmf-dist/tex/latex/listings/lstlang1.sty
File: lstlang1.sty 2013/08/26 1.5b listings language file
)
(./Code/HuskyStatus.msg [55])
Underfull \hbox (badness 10000) in paragraph at lines 75--76

 []

[56] (./Code/costmap_common.yaml)
Underfull \hbox (badness 10000) in paragraph at lines 79--80

 []

[57]
Underfull \hbox (badness 10000) in paragraph at lines 83--84

 []

<Pics/overview_tf.png, id=1275, 1134.639pt x 464.134pt>
File: Pics/overview_tf.png Graphic file (type png)

<use Pics/overview_tf.png>
Package pdftex.def Info: Pics/overview_tf.png used on input line 87.
(pdftex.def)             Requested size: 435.04257pt x 177.95914pt.

Underfull \hbox (badness 10000) in paragraph at lines 92--93

 []

[58 <./Pics/overview_tf.png>]
<Pics/recovery_behaviors.png, id=1286, 570.933pt x 223.234pt>
File: Pics/recovery_behaviors.png Graphic file (type png)

<use Pics/recovery_behaviors.png>
Package pdftex.def Info: Pics/recovery_behaviors.png used on input line 96.
(pdftex.def)             Requested size: 435.04257pt x 170.1058pt.

Underfull \hbox (badness 10000) in paragraph at lines 104--105

 []

[59 <./Pics/recovery_behaviors.png>]
Underfull \hbox (badness 10000) in paragraph at lines 106--107

 []


Underfull \hbox (badness 10000) in paragraph at lines 110--111

 []


Underfull \hbox (badness 10000) in paragraph at lines 112--113

 []

[60]
Underfull \hbox (badness 10000) in paragraph at lines 116--117

 []

File: Pics/dyngui.png Graphic file (type png)
<use Pics/dyngui.png>
Package pdftex.def Info: Pics/dyngui.png used on input line 122.
(pdftex.def)             Requested size: 348.03539pt x 197.49182pt.

Underfull \hbox (badness 10000) in paragraph at lines 130--131

 []

[61]

LaTeX Warning: Reference `fig:panel' on page 62 undefined on input line 132.


Underfull \hbox (badness 10000) in paragraph at lines 132--133

 []


Underfull \hbox (badness 10000) in paragraph at lines 134--135

 []


Underfull \hbox (badness 10000) in paragraph at lines 136--137

 []

[62]) [63]
\openout2 = `code.aux'.

 (./code.tex
Chapter 7.

Underfull \hbox (badness 10000) in paragraph at lines 4--5

 []


Underfull \hbox (badness 10000) in paragraph at lines 26--26

 []


Underfull \hbox (badness 10000) in paragraph at lines 30--30

 []


Underfull \hbox (badness 10000) in paragraph at lines 33--33

 []

[64



]
Underfull \hbox (badness 10000) in paragraph at lines 40--41

 []


Underfull \hbox (badness 10000) in paragraph at lines 42--43

 []

[65]
Overfull \hbox (0.26509pt too wide) in paragraph at lines 48--50
\T1/cmr/m/n/12 The  $\T1/pcr/m/n/12 main . launch$  \T1/cmr/m/n/12 file per-for
ms the fol-low-ing ac-tions (us-ing the syn-tax `` $\T1/pcr/m/n/12 package _
 []

[66]
Underfull \hbox (badness 10000) in paragraph at lines 103--104

 []


Overfull \hbox (5.69238pt too wide) in paragraph at lines 105--106
\T1/cmr/m/n/12 The node re-spon-si-ble for com-mu-ni-ca-tion be-tween ROS and t
he Husky is called  $\T1/pcr/m/n/12 husky _
 []


Underfull \hbox (badness 10000) in paragraph at lines 105--106

 []

[67]
Underfull \hbox (badness 10000) in paragraph at lines 107--108

 []


Underfull \hbox (badness 10000) in paragraph at lines 109--110

 []


Underfull \hbox (badness 10000) in paragraph at lines 111--112

 []

[68]
Underfull \hbox (badness 10000) in paragraph at lines 113--114

 []


Underfull \hbox (badness 10000) in paragraph at lines 115--116

 []


Underfull \hbox (badness 10000) in paragraph at lines 117--118

 []

[69]
Underfull \hbox (badness 10000) in paragraph at lines 138--139

 []

(/usr/share/texlive/texmf-dist/tex/latex/listings/lstlang1.sty
File: lstlang1.sty 2013/08/26 1.5b listings language file
)
(/usr/share/texlive/texmf-dist/tex/latex/listings/lstlang1.sty
File: lstlang1.sty 2013/08/26 1.5b listings language file
)
(/usr/share/texlive/texmf-dist/tex/latex/listings/lstmisc.sty
File: lstmisc.sty 2013/08/26 1.5b (Carsten Heinz)
)
(./CleanedCode/msg/trajectory_point.msg [70])
Underfull \hbox (badness 10000) in paragraph at lines 142--143

 []

(./CleanedCode/msg/trajectory_msg.msg)
Underfull \hbox (badness 10000) in paragraph at lines 146--147

 []

(./CleanedCode/msg/arm_msg.msg [71])
Underfull \hbox (badness 10000) in paragraph at lines 150--151

 []

(./CleanedCode/msg/cube_msg.msg [72])
Underfull \hbox (badness 10000) in paragraph at lines 154--155

 []

(./CleanedCode/msg/marker_val.msg)
Underfull \hbox (badness 10000) in paragraph at lines 158--159

 []

[73]
Underfull \hbox (badness 10000) in paragraph at lines 161--162

 []

(./CleanedCode/srv/localize_cloud.srv)
Underfull \hbox (badness 10000) in paragraph at lines 164--165

 []

(./CleanedCode/src/pointcloud_localization_service.cpp [74])
Underfull \hbox (badness 10000) in paragraph at lines 171--172

 []

Package hyperref Info: bookmark level for unknown algorithm defaults to 0 on in
put line 175.
[75] [76] [77]
Underfull \hbox (badness 10000) in paragraph at lines 266--267

 []

(./CleanedCode/srv/trajectory_service.srv [78])
Underfull \hbox (badness 10000) in paragraph at lines 270--271

 []


Underfull \hbox (badness 10000) in paragraph at lines 272--273

 []

[79] [80]
Underfull \hbox (badness 10000) in paragraph at lines 356--357

 []

[81] (./CleanedCode/srv/empty.srv)
Underfull \hbox (badness 10000) in paragraph at lines 381--382

 []

[82] (./CleanedCode/CMakeLists.txt [83])) [84]
\openout2 = `testing.aux'.

 (./testing.tex
Chapter 8.
<Pics/20170901_153356.jpg, id=1502, 4047.12pt x 3035.34pt>
File: Pics/20170901_153356.jpg Graphic file (type jpg)

<use Pics/20170901_153356.jpg>
Package pdftex.def Info: Pics/20170901_153356.jpg used on input line 8.
(pdftex.def)             Requested size: 435.04257pt x 326.24638pt.


LaTeX Warning: Reference `fig:surfacefeature' on page 85 undefined on input lin
e 12.

<Pics/20180305_154842.jpg, id=1504, 4047.12pt x 3035.34pt>
File: Pics/20180305_154842.jpg Graphic file (type jpg)

<use Pics/20180305_154842.jpg>
Package pdftex.def Info: Pics/20180305_154842.jpg used on input line 15.
(pdftex.def)             Requested size: 435.04257pt x 326.24638pt.
 [85



] [86 <./Pics/20170901_153356.jpg>] [87 <./Pics/20180305_154842.jpg>]
Underfull \hbox (badness 10000) in paragraph at lines 33--34

 []

[88]
Underfull \hbox (badness 10000) in paragraph at lines 35--36

 []


Underfull \hbox (badness 10000) in paragraph at lines 37--38

 []


Underfull \hbox (badness 10000) in paragraph at lines 39--40

 []

[89] <Pics/rgidi.jpg, id=1528, 309.155pt x 276.03125pt>
File: Pics/rgidi.jpg Graphic file (type jpg)
 <use Pics/rgidi.jpg>
Package pdftex.def Info: Pics/rgidi.jpg used on input line 43.
(pdftex.def)             Requested size: 435.04257pt x 388.46701pt.

<Pics/20180303_182327.jpg, id=1529, 4047.12pt x 3035.34pt>
File: Pics/20180303_182327.jpg Graphic file (type jpg)

<use Pics/20180303_182327.jpg>
Package pdftex.def Info: Pics/20180303_182327.jpg used on input line 49.
(pdftex.def)             Requested size: 435.04257pt x 326.24638pt.


LaTeX Warning: Reference `fig:wand' on page 90 undefined on input line 54.


Underfull \hbox (badness 10000) in paragraph at lines 54--55

 []

[90] [91 <./Pics/rgidi.jpg>] [92 <./Pics/20180303_182327.jpg>]
<Pics/20180303_164637.jpg, id=1543, 4047.12pt x 3035.34pt>
File: Pics/20180303_164637.jpg Graphic file (type jpg)

<use Pics/20180303_164637.jpg>
Package pdftex.def Info: Pics/20180303_164637.jpg used on input line 58.
(pdftex.def)             Requested size: 435.04257pt x 326.24638pt.
 [93 <./Pics/20180303_164637.jpg>]
Underfull \hbox (badness 10000) in paragraph at lines 67--68

 []

<Pics/20180303_174007.jpg, id=1548, 4047.12pt x 3035.34pt>
File: Pics/20180303_174007.jpg Graphic file (type jpg)

<use Pics/20180303_174007.jpg>
Package pdftex.def Info: Pics/20180303_174007.jpg used on input line 71.
(pdftex.def)             Requested size: 435.04257pt x 326.24638pt.


LaTeX Warning: Reference `sec:markercentre' on page 94 undefined on input line 
76.


Underfull \hbox (badness 10000) in paragraph at lines 76--77

 []

[94 <./Pics/20180303_174007.jpg>]

LaTeX Warning: Reference `fig:scanlocations' on page 95 undefined on input line
 86.


Underfull \hbox (badness 10000) in paragraph at lines 86--87

 []


LaTeX Warning: Citation `checkthebookmarsbar' on page 95 undefined on input lin
e 92.


Underfull \hbox (badness 10000) in paragraph at lines 92--93

 []

[95] <Pics/screenshot-1528748143.png, id=1561, 685.56125pt x 385.44pt>
File: Pics/screenshot-1528748143.png Graphic file (type png)

<use Pics/screenshot-1528748143.png>
Package pdftex.def Info: Pics/screenshot-1528748143.png used on input line 97.
(pdftex.def)             Requested size: 435.04257pt x 244.59875pt.

Underfull \hbox (badness 10000) in paragraph at lines 94--102

 []

[96] [97 <./Pics/screenshot-1528748143.png (PNG copy)>]
Underfull \hbox (badness 10000) in paragraph at lines 109--110

 []

<Pics/edgeveiling.png, id=1570, 3916.6325pt x 3475.98625pt>
File: Pics/edgeveiling.png Graphic file (type png)

<use Pics/edgeveiling.png>
Package pdftex.def Info: Pics/edgeveiling.png used on input line 113.
(pdftex.def)             Requested size: 435.04257pt x 386.07242pt.


LaTeX Warning: Citation `bookbaredge' on page 98 undefined on input line 118.


LaTeX Warning: Citation `theotherone' on page 98 undefined on input line 118.


Underfull \hbox (badness 10000) in paragraph at lines 118--119

 []

[98 <./Pics/edgeveiling.png>]
<Pics/eddt.png, id=1578, 98.61844pt x 39.89906pt>
File: Pics/eddt.png Graphic file (type png)
 <use Pics/eddt.png>
Package pdftex.def Info: Pics/eddt.png used on input line 122.
(pdftex.def)             Requested size: 435.04257pt x 176.0531pt.


LaTeX Warning: Reference `sec:figureitout' on page 99 undefined on input line 1
27.

<Pics/keypointerror.png, id=1581, 747.79375pt x 1056.94875pt>
File: Pics/keypointerror.png Graphic file (type png)

<use Pics/keypointerror.png>
Package pdftex.def Info: Pics/keypointerror.png used on input line 130.
(pdftex.def)             Requested size: 435.04257pt x 614.90152pt.


LaTeX Warning: Float too large for page by 3.52806pt on input line 133.


Underfull \hbox (badness 10000) in paragraph at lines 127--135

 []

[99 <./Pics/eddt.png>] [100] [101 <./Pics/keypointerror.png>]

LaTeX Warning: Reference `trajtesting' on page 102 undefined on input line 148.



Underfull \hbox (badness 10000) in paragraph at lines 152--153

 []

[102]
Underfull \hbox (badness 10000) in paragraph at lines 158--159

 []


Underfull \hbox (badness 10000) in paragraph at lines 160--161

 []

[103]
Underfull \hbox (badness 10000) in paragraph at lines 164--165

 []


Underfull \hbox (badness 10000) in paragraph at lines 166--167

 []


Underfull \hbox (badness 10000) in paragraph at lines 170--171

 []

[104]
Underfull \hbox (badness 10000) in paragraph at lines 172--173

 []


Underfull \hbox (badness 10000) in paragraph at lines 176--177

 []


Underfull \hbox (badness 10000) in paragraph at lines 178--179

 []

[105] <Pics/controlpts.jpg, id=1615, 5926.14pt x 3966.82pt>
File: Pics/controlpts.jpg Graphic file (type jpg)

<use Pics/controlpts.jpg>
Package pdftex.def Info: Pics/controlpts.jpg used on input line 184.
(pdftex.def)             Requested size: 435.04257pt x 291.20367pt.


LaTeX Warning: Reference `fig:controlpts' on page 106 undefined on input line 1
89.


Underfull \hbox (badness 10000) in paragraph at lines 189--190

 []

[106 <./Pics/controlpts.jpg>]
Underfull \hbox (badness 10000) in paragraph at lines 191--192

 []


Underfull \hbox (badness 10000) in paragraph at lines 193--194

 []


Underfull \hbox (badness 10000) in paragraph at lines 195--196

 []

[107]
Underfull \hbox (badness 10000) in paragraph at lines 199--200

 []


Underfull \hbox (badness 10000) in paragraph at lines 201--202

 []

[108]
Underfull \hbox (badness 10000) in paragraph at lines 203--204

 []


LaTeX Warning: Reference `sec:p2p' on page 109 undefined on input line 205.


LaTeX Warning: Reference `sec:p2m' on page 109 undefined on input line 205.

)
Underfull \hbox (badness 10000) in paragraph at lines 205--123

 []

[109]
\openout2 = `results.aux'.

 (./results.tex
Chapter 9.

Package hyperref Warning: Difference (3) between bookmark levels is greater 
(hyperref)                than one, level fixed on input line 3.

) [110



]
\openout2 = `conclusions.aux'.

 (./conclusions.tex
Chapter 10.
) [111



] (./main.bbl [112


]) [113]
\openout2 = `appendix.aux'.

 (./appendix.tex
Appendix A.
(./CleanedCode/src/pointcloud_localization_service.cpp [114


])
(/home/mike/catkin_ws/src/phd/src/control_panel.cpp [115] [116] [117] [118]
[119] [120] [121] [122] [123] [124] [125]
Overfull \hbox (4.8581pt too wide) in paragraph at lines 357--358
[][][][][][][][][][][][][][][][][][][][]  
 []

[126] [127] [128] [129] [130] [131]
Overfull \hbox (70.84248pt too wide) in paragraph at lines 520--521
[][][][][][][][][][][][][][][][][][][][][][][][][][][][][][][][][][][][][]  
 []

[132] [133]
Overfull \hbox (316.7843pt too wide) in paragraph at lines 598--599
[][][][][][][][][][][][][][][][][][][][][][][][][][][][][][][][][][][][][][][][
][][][][][][][][][][][][][][][][][][][][][][][][][][][]  
 []

[134]
Overfull \hbox (214.80843pt too wide) in paragraph at lines 618--619
[][][][][][][][][][][][][][][][][][][][][][][][][][][][][][][][]  
 []

[135] [136]
Overfull \hbox (196.81268pt too wide) in paragraph at lines 680--681
[][][][][][][][][][][][][][][][][][][][][][][][][][][][][][][][][][][][][]  
 []

[137] [138] [139] [140] [141] [142] [143] [144] [145] [146] [147] [148]
[149] [150] [151] [152] [153] [154] [155] [156] [157] [158] [159] [160]
[161] [162] [163] [164] [165] [166] [167] [168]
Overfull \hbox (106.83397pt too wide) in paragraph at lines 1597--1598
[][][][][][][][][][][][][][][][][][][][][][][][][][][][][][][][][][][][][]  
 []

[169] [170]
Overfull \hbox (64.8439pt too wide) in paragraph at lines 1669--1670
[][][][][][][][][][][][][][][][][][][] 
 []

[171]) (/home/mike/catkin_ws/src/phd/src/pointcloud_localization_service.cpp
[172] [173] [174] [175] [176] [177] [178]
Overfull \hbox (76.84106pt too wide) in paragraph at lines 209--211
[][][][][][][][][][][][][][][][][][][][][][][][][][][][][][][][][][][][][][][][
][][][][][][][][][][][][][][][][][][][][][][][][][][][][][][][][][][][][][][][]
[][][][][][][][][][][][][][][][][][][][][][][][][][][][][][][][][][][][][][][][
][][][][][][][][][][][][][][][][][][][][][][][][][][][][][][][][][][][][][][][]
[][][][][][][][][]  
 []

[179] [180] [181] [182] [183] [184] [185] [186] [187] [188] [189])
(/home/mike/catkin_ws/src/phd/src/simple_trajectory_service.cpp [190] [191]
[192] [193]
Overfull \hbox (70.84248pt too wide) in paragraph at lines 123--124
[][][][][][][][][][][][][][][][][][][][][][][][][][][][][][][][][][][][][]  
 []

[194] [195] [196]
Overfull \hbox (316.7843pt too wide) in paragraph at lines 204--205
[][][][][][][][][][][][][][][][][][][][][][][][][][][][][][][][][][][][][][][][
][][][][][][][][][][][][][][][][][][][][][][][][][][][][][][][][][][][][][]  
 []

[197] [198] [199] [200] [201] [202] [203] [204] [205] [206] [207] [208]
[209] [210]
Overfull \hbox (46.84816pt too wide) in paragraph at lines 623--624
[][][][][][][][][][][][][][][] 
 []


Overfull \hbox (508.73889pt too wide) in paragraph at lines 624--625
[][][][][][][][][][][][][][][][][][][][][][][][][][][][][][][][][][][][][][][][
][][][][][][][][][][][][][][][][][][][][][][][][][][][][][][][][][][][][][][][]
[][][][][][][][][][][][][][][][][][][][][][][][][][][][][][][][][][][][][][][][
][][][][][][][][][][][][][][][][][][][][][][][][][][][][][][][]  
 []

[211]
Overfull \hbox (106.83397pt too wide) in paragraph at lines 630--631
[][][][][][][][][][][][][][][][][][][][][][][][][][][][][][][][][][][][][][][][
][][][][][][][][][][][][][][][][][][][][][][][][][][][][][][][][][][][][][][][]
[][][][][][][][][][][][][][][][][][][][][][][][][][][][][][][]  
 []

[212]
Overfull \hbox (454.75166pt too wide) in paragraph at lines 662--663
[][][][][][][][][][][][][][][][][][][][][][][][][][][][][][][][][][][][][][][][
][][][][][][][][][][][][][][][][][][][][][][][][][][][][][][][][][][][][][][][]
[][][][][][][][][][][][][][][][][][][][][][][][][][][][][][][][][][][][][][][][
][][][][][][][][][][][][][][][][][][][][][][][][][][][][][][]  
 []


Overfull \hbox (430.75734pt too wide) in paragraph at lines 666--667
[][][][][][][][][][][][][][][][][][][][][][][][][][][][][][][][][][][][][][][][
][][][][][][][][][]  
 []


Overfull \hbox (106.83397pt too wide) in paragraph at lines 674--675
[][][][][][][][][][][][][][][][][][][][][][][][][][][][][][][][][][][][][]  
 []

[213]
Overfull \hbox (106.83397pt too wide) in paragraph at lines 691--692
[][][][][][][][][][][][][][][][][][][][][][][][][][][][][][][][][][][][][][][][
][][][][][][][][][][][][][][][][][][][][][][][][][][][][][][][][][][][][][][][]
[][][][][][][][][][][][][][][][][][][][][][][][][][][][][][][]  
 []

[214] [215] [216]
Overfull \hbox (208.80984pt too wide) in paragraph at lines 777--778
[][][][][][][][][][][][][][][][][][][][][][][][][] 
 []

[217] [218] [219]
Overfull \hbox (214.80843pt too wide) in paragraph at lines 884--885
[][][][][][][][][][][][][][][][][][][][][][][][][] 
 []


Overfull \hbox (214.80843pt too wide) in paragraph at lines 885--886
[][][][][][][][][][][][][][][][][][][][][][][][][] 
 []

[220]
Overfull \hbox (16.85526pt too wide) in paragraph at lines 892--893
[][][][][][][][][][][][][][][]  
 []

[221] [222]) (/home/mike/catkin_ws/src/phd/src/thickness_service.cpp [223]
[224] [225] [226])
(/usr/share/texlive/texmf-dist/tex/latex/listings/lstlang1.sty
File: lstlang1.sty 2013/08/26 1.5b listings language file
)
(/usr/share/texlive/texmf-dist/tex/latex/listings/lstmisc.sty
File: lstmisc.sty 2013/08/26 1.5b (Carsten Heinz)
) [227]
(./CleanedCode/launch/main.launch [228] [229] [230] [231] [232]) [233]
Appendix B.
<Appendix/setting-e.pdf, id=5682, 597.45204pt x 845.1575pt>
File: Appendix/setting-e.pdf Graphic file (type pdf)

<use Appendix/setting-e.pdf>
Package pdftex.def Info: Appendix/setting-e.pdf used on input line 25.
(pdftex.def)             Requested size: 597.45058pt x 845.15544pt.
File: Appendix/setting-e.pdf Graphic file (type pdf)
 <use Appendix/setting-e.pdf>
Package pdftex.def Info: Appendix/setting-e.pdf used on input line 25.
(pdftex.def)             Requested size: 597.45058pt x 845.15544pt.
 [234

]
<Appendix/setting-e.pdf, id=5689, page=288, 597.45204pt x 845.1575pt>
File: Appendix/setting-e.pdf Graphic file (type pdf)

<use Appendix/setting-e.pdf, page 288>
Package pdftex.def Info: Appendix/setting-e.pdf, page288 used on input line 25.

(pdftex.def)             Requested size: 597.45058pt x 845.15544pt.
File: Appendix/setting-e.pdf Graphic file (type pdf)
 <use Appendix/setting-e.pdf, page 288>
Package pdftex.def Info: Appendix/setting-e.pdf, page288 used on input line 25.

(pdftex.def)             Requested size: 562.06993pt x 795.10587pt.
File: Appendix/setting-e.pdf Graphic file (type pdf)

<use Appendix/setting-e.pdf, page 288>
Package pdftex.def Info: Appendix/setting-e.pdf, page288 used on input line 25.

(pdftex.def)             Requested size: 562.06993pt x 795.10587pt.
File: Appendix/setting-e.pdf Graphic file (type pdf)
 <use Appendix/setting-e.pdf, page 288>
Package pdftex.def Info: Appendix/setting-e.pdf, page288 used on input line 25.

(pdftex.def)             Requested size: 562.06993pt x 795.10587pt.
File: Appendix/setting-e.pdf Graphic file (type pdf)

<use Appendix/setting-e.pdf, page 288>
Package pdftex.def Info: Appendix/setting-e.pdf, page288 used on input line 25.

(pdftex.def)             Requested size: 562.06993pt x 795.10587pt.
 [235 <./Appendix/setting-e.pdf>])
Package atveryend Info: Empty hook `BeforeClearDocument' on input line 133.
Package atveryend Info: Empty hook `AfterLastShipout' on input line 133.

(./main.aux (./abstract.aux) (./acknowledgements.aux) (./dedication.aux)
(./introduction.aux) (./background.aux) (./localization.aux) (./trajectory.aux)
(./thickness.aux) (./overview.aux) (./code.aux) (./testing.aux) (./results.aux)
(./conclusions.aux) (./appendix.aux))
Package atveryend Info: Executing hook `AtVeryEndDocument' on input line 133.
Package atveryend Info: Executing hook `AtEndAfterFileList' on input line 133.
Package rerunfilecheck Info: File `main.out' has not changed.
(rerunfilecheck)             Checksum: BC89608CED1ABFB6EA4C71CD632E3697;8748.


LaTeX Warning: There were undefined references.


LaTeX Warning: There were multiply-defined labels.

Package atveryend Info: Empty hook `AtVeryVeryEnd' on input line 133.
 ) 
Here is how much of TeX's memory you used:
 35458 strings out of 494985
 584068 string characters out of 6180356
 856629 words of memory out of 5000000
 33822 multiletter control sequences out of 15000+600000
 26370 words of font info for 78 fonts, out of 8000000 for 9000
 36 hyphenation exceptions out of 8191
 62i,18n,125p,10451b,2449s stack positions out of 5000i,500n,10000p,200000b,80000s
 </home/mike/.texmf-var/fonts/pk/ljfour/jknappen/ec/tcrm1000.600pk> </home/mi
ke/.texmf-var/fonts/pk/ljfour/jknappen/ec/ecti1200.600pk> </home/mike/.texmf-va
r/fonts/pk/ljfour/jknappen/ec/eccc1200.600pk> </home/mike/.texmf-var/fonts/pk/l
jfour/jknappen/ec/ecrm1000.600pk> </home/mike/.texmf-var/fonts/pk/ljfour/jknapp
en/ec/ecrm0600.600pk> </home/mike/.texmf-var/fonts/pk/ljfour/jknappen/ec/ecbx14
40.600pk>{/usr/share/texlive/texmf-dist/fonts/enc/dvips/base/8r.enc} </home/mik
e/.texmf-var/fonts/pk/ljfour/jknappen/ec/ecbx1200.600pk> </home/mike/.texmf-var
/fonts/pk/ljfour/jknappen/ec/ecbx2488.600pk> </home/mike/.texmf-var/fonts/pk/lj
four/jknappen/ec/tcrm1200.600pk> </home/mike/.texmf-var/fonts/pk/ljfour/jknappe
n/ec/ecrm1200.600pk> </home/mike/.texmf-var/fonts/pk/ljfour/jknappen/ec/ecbx172
8.600pk></usr/share/texlive/texmf-dist/fonts/type1/public/amsfonts/cm/cmbx12.pf
b></usr/share/texlive/texmf-dist/fonts/type1/public/amsfonts/cm/cmex10.pfb></us
r/share/texlive/texmf-dist/fonts/type1/public/amsfonts/cm/cmmi12.pfb></usr/shar
e/texlive/texmf-dist/fonts/type1/public/amsfonts/cm/cmmi6.pfb></usr/share/texli
ve/texmf-dist/fonts/type1/public/amsfonts/cm/cmmi8.pfb></usr/share/texlive/texm
f-dist/fonts/type1/public/amsfonts/cm/cmr12.pfb></usr/share/texlive/texmf-dist/
fonts/type1/public/amsfonts/cm/cmr6.pfb></usr/share/texlive/texmf-dist/fonts/ty
pe1/public/amsfonts/cm/cmr8.pfb></usr/share/texlive/texmf-dist/fonts/type1/publ
ic/amsfonts/cm/cmsy10.pfb></usr/share/texlive/texmf-dist/fonts/type1/public/ams
fonts/cm/cmsy6.pfb></usr/share/texlive/texmf-dist/fonts/type1/public/amsfonts/c
m/cmsy8.pfb></usr/share/texlive/texmf-dist/fonts/type1/public/amsfonts/symbols/
msam10.pfb></usr/share/texlive/texmf-dist/fonts/type1/urw/courier/ucrr8a.pfb>
Output written on main.pdf (250 pages, 61320016 bytes).
PDF statistics:
 7102 PDF objects out of 7423 (max. 8388607)
 6231 compressed objects within 63 object streams
 4095 named destinations out of 4296 (max. 500000)
 1190 words of extra memory for PDF output out of 10000 (max. 10000000)

